{"/home/robot/.openclaw/workspace/projects/openclaw-max/src/accounts.ts": {"path":"/home/robot/.openclaw/workspace/projects/openclaw-max/src/accounts.ts","all":false,"statementMap":{"5":{"start":{"line":6,"column":0},"end":{"line":6,"column":77}},"35":{"start":{"line":36,"column":0},"end":{"line":36,"column":82}},"36":{"start":{"line":37,"column":0},"end":{"line":37,"column":95}},"37":{"start":{"line":38,"column":0},"end":{"line":38,"column":1}},"42":{"start":{"line":43,"column":0},"end":{"line":43,"column":66}},"43":{"start":{"line":44,"column":0},"end":{"line":44,"column":37}},"44":{"start":{"line":45,"column":0},"end":{"line":45,"column":26}},"46":{"start":{"line":47,"column":0},"end":{"line":47,"column":27}},"48":{"start":{"line":49,"column":0},"end":{"line":49,"column":88}},"49":{"start":{"line":50,"column":0},"end":{"line":50,"column":47}},"52":{"start":{"line":53,"column":0},"end":{"line":53,"column":75}},"53":{"start":{"line":54,"column":0},"end":{"line":54,"column":17}},"54":{"start":{"line":55,"column":0},"end":{"line":55,"column":46}},"55":{"start":{"line":56,"column":0},"end":{"line":56,"column":49}},"56":{"start":{"line":57,"column":0},"end":{"line":57,"column":75}},"57":{"start":{"line":58,"column":0},"end":{"line":58,"column":29}},"58":{"start":{"line":59,"column":0},"end":{"line":59,"column":7}},"59":{"start":{"line":60,"column":0},"end":{"line":60,"column":5}},"60":{"start":{"line":61,"column":0},"end":{"line":61,"column":3}},"63":{"start":{"line":64,"column":0},"end":{"line":64,"column":54}},"64":{"start":{"line":65,"column":0},"end":{"line":65,"column":33}},"65":{"start":{"line":66,"column":0},"end":{"line":66,"column":3}},"67":{"start":{"line":68,"column":0},"end":{"line":68,"column":13}},"68":{"start":{"line":69,"column":0},"end":{"line":69,"column":1}},"73":{"start":{"line":74,"column":0},"end":{"line":74,"column":73}},"74":{"start":{"line":75,"column":0},"end":{"line":75,"column":28}},"75":{"start":{"line":76,"column":0},"end":{"line":76,"column":1}},"80":{"start":{"line":81,"column":0},"end":{"line":81,"column":43}},"83":{"start":{"line":84,"column":0},"end":{"line":84,"column":24}},"84":{"start":{"line":85,"column":0},"end":{"line":85,"column":43}},"85":{"start":{"line":86,"column":0},"end":{"line":86,"column":75}},"86":{"start":{"line":87,"column":0},"end":{"line":87,"column":43}},"87":{"start":{"line":88,"column":0},"end":{"line":88,"column":91}},"89":{"start":{"line":90,"column":0},"end":{"line":90,"column":38}},"90":{"start":{"line":91,"column":0},"end":{"line":91,"column":17}},"91":{"start":{"line":92,"column":0},"end":{"line":92,"column":62}},"93":{"start":{"line":94,"column":0},"end":{"line":94,"column":41}},"95":{"start":{"line":96,"column":0},"end":{"line":96,"column":21}},"96":{"start":{"line":97,"column":0},"end":{"line":97,"column":41}},"97":{"start":{"line":98,"column":0},"end":{"line":98,"column":55}},"98":{"start":{"line":99,"column":0},"end":{"line":99,"column":57}},"99":{"start":{"line":100,"column":0},"end":{"line":100,"column":47}},"100":{"start":{"line":101,"column":0},"end":{"line":101,"column":55}},"101":{"start":{"line":102,"column":0},"end":{"line":102,"column":73}},"102":{"start":{"line":103,"column":0},"end":{"line":103,"column":59}},"103":{"start":{"line":104,"column":0},"end":{"line":104,"column":61}},"104":{"start":{"line":105,"column":0},"end":{"line":105,"column":83}},"105":{"start":{"line":106,"column":0},"end":{"line":106,"column":59}},"106":{"start":{"line":107,"column":0},"end":{"line":107,"column":65}},"107":{"start":{"line":108,"column":0},"end":{"line":108,"column":61}},"108":{"start":{"line":109,"column":0},"end":{"line":109,"column":59}},"109":{"start":{"line":110,"column":0},"end":{"line":110,"column":6}},"111":{"start":{"line":112,"column":0},"end":{"line":112,"column":41}},"112":{"start":{"line":113,"column":0},"end":{"line":113,"column":44}},"113":{"start":{"line":114,"column":0},"end":{"line":114,"column":29}},"114":{"start":{"line":115,"column":0},"end":{"line":115,"column":51}},"115":{"start":{"line":116,"column":0},"end":{"line":116,"column":47}},"116":{"start":{"line":117,"column":0},"end":{"line":117,"column":26}},"117":{"start":{"line":118,"column":0},"end":{"line":118,"column":5}},"118":{"start":{"line":119,"column":0},"end":{"line":119,"column":10}},"120":{"start":{"line":121,"column":0},"end":{"line":121,"column":44}},"121":{"start":{"line":122,"column":0},"end":{"line":122,"column":21}},"122":{"start":{"line":123,"column":0},"end":{"line":123,"column":37}},"123":{"start":{"line":124,"column":0},"end":{"line":124,"column":51}},"124":{"start":{"line":125,"column":0},"end":{"line":125,"column":43}},"125":{"start":{"line":126,"column":0},"end":{"line":126,"column":51}},"126":{"start":{"line":127,"column":0},"end":{"line":127,"column":69}},"127":{"start":{"line":128,"column":0},"end":{"line":128,"column":55}},"128":{"start":{"line":129,"column":0},"end":{"line":129,"column":57}},"129":{"start":{"line":130,"column":0},"end":{"line":130,"column":79}},"130":{"start":{"line":131,"column":0},"end":{"line":131,"column":55}},"131":{"start":{"line":132,"column":0},"end":{"line":132,"column":61}},"132":{"start":{"line":133,"column":0},"end":{"line":133,"column":57}},"133":{"start":{"line":134,"column":0},"end":{"line":134,"column":55}},"134":{"start":{"line":135,"column":0},"end":{"line":135,"column":6}},"136":{"start":{"line":137,"column":0},"end":{"line":137,"column":41}},"137":{"start":{"line":138,"column":0},"end":{"line":138,"column":44}},"138":{"start":{"line":139,"column":0},"end":{"line":139,"column":29}},"139":{"start":{"line":140,"column":0},"end":{"line":140,"column":5}},"140":{"start":{"line":141,"column":0},"end":{"line":141,"column":3}},"142":{"start":{"line":143,"column":0},"end":{"line":143,"column":10}},"143":{"start":{"line":144,"column":0},"end":{"line":144,"column":14}},"144":{"start":{"line":145,"column":0},"end":{"line":145,"column":29}},"145":{"start":{"line":146,"column":0},"end":{"line":146,"column":43}},"146":{"start":{"line":147,"column":0},"end":{"line":147,"column":10}},"147":{"start":{"line":148,"column":0},"end":{"line":148,"column":16}},"148":{"start":{"line":149,"column":0},"end":{"line":149,"column":26}},"149":{"start":{"line":150,"column":0},"end":{"line":150,"column":4}},"150":{"start":{"line":151,"column":0},"end":{"line":151,"column":1}}},"s":{"5":1,"35":42,"36":42,"37":42,"42":1,"43":12,"44":12,"46":9,"48":12,"49":12,"52":9,"53":12,"54":2,"55":3,"56":3,"57":2,"58":2,"59":3,"60":2,"63":12,"64":1,"65":1,"67":9,"68":9,"73":1,"74":1,"75":1,"80":1,"83":30,"84":30,"85":30,"86":30,"87":30,"89":30,"90":30,"91":30,"93":30,"95":27,"96":27,"97":27,"98":27,"99":27,"100":27,"101":27,"102":27,"103":27,"104":27,"105":27,"106":27,"107":27,"108":27,"109":27,"111":27,"112":20,"113":20,"114":26,"115":2,"116":2,"117":2,"118":30,"120":3,"121":3,"122":3,"123":3,"124":3,"125":3,"126":3,"127":3,"128":3,"129":3,"130":3,"131":3,"132":3,"133":3,"134":3,"136":3,"137":3,"138":3,"139":3,"140":3,"142":30,"143":30,"144":30,"145":30,"146":30,"147":30,"148":30,"149":30,"150":30},"branchMap":{"0":{"type":"branch","line":36,"loc":{"start":{"line":36,"column":0},"end":{"line":38,"column":1}},"locations":[{"start":{"line":36,"column":0},"end":{"line":38,"column":1}}]},"1":{"type":"branch","line":43,"loc":{"start":{"line":43,"column":7},"end":{"line":69,"column":1}},"locations":[{"start":{"line":43,"column":7},"end":{"line":69,"column":1}}]},"2":{"type":"branch","line":45,"loc":{"start":{"line":45,"column":16},"end":{"line":45,"column":26}},"locations":[{"start":{"line":45,"column":16},"end":{"line":45,"column":26}}]},"3":{"type":"branch","line":45,"loc":{"start":{"line":45,"column":24},"end":{"line":49,"column":41}},"locations":[{"start":{"line":45,"column":24},"end":{"line":49,"column":41}}]},"4":{"type":"branch","line":49,"loc":{"start":{"line":49,"column":29},"end":{"line":49,"column":62}},"locations":[{"start":{"line":49,"column":29},"end":{"line":49,"column":62}}]},"5":{"type":"branch","line":49,"loc":{"start":{"line":49,"column":49},"end":{"line":49,"column":88}},"locations":[{"start":{"line":49,"column":49},"end":{"line":49,"column":88}}]},"6":{"type":"branch","line":50,"loc":{"start":{"line":50,"column":18},"end":{"line":54,"column":16}},"locations":[{"start":{"line":50,"column":18},"end":{"line":54,"column":16}}]},"7":{"type":"branch","line":50,"loc":{"start":{"line":50,"column":18},"end":{"line":50,"column":47}},"locations":[{"start":{"line":50,"column":18},"end":{"line":50,"column":47}}]},"8":{"type":"branch","line":50,"loc":{"start":{"line":50,"column":45},"end":{"line":54,"column":16}},"locations":[{"start":{"line":50,"column":45},"end":{"line":54,"column":16}}]},"9":{"type":"branch","line":54,"loc":{"start":{"line":54,"column":16},"end":{"line":61,"column":3}},"locations":[{"start":{"line":54,"column":16},"end":{"line":61,"column":3}}]},"10":{"type":"branch","line":55,"loc":{"start":{"line":55,"column":45},"end":{"line":60,"column":5}},"locations":[{"start":{"line":55,"column":45},"end":{"line":60,"column":5}}]},"11":{"type":"branch","line":57,"loc":{"start":{"line":57,"column":25},"end":{"line":57,"column":74}},"locations":[{"start":{"line":57,"column":25},"end":{"line":57,"column":74}}]},"12":{"type":"branch","line":57,"loc":{"start":{"line":57,"column":74},"end":{"line":59,"column":7}},"locations":[{"start":{"line":57,"column":74},"end":{"line":59,"column":7}}]},"13":{"type":"branch","line":61,"loc":{"start":{"line":61,"column":2},"end":{"line":64,"column":26}},"locations":[{"start":{"line":61,"column":2},"end":{"line":64,"column":26}}]},"14":{"type":"branch","line":64,"loc":{"start":{"line":64,"column":21},"end":{"line":64,"column":53}},"locations":[{"start":{"line":64,"column":21},"end":{"line":64,"column":53}}]},"15":{"type":"branch","line":64,"loc":{"start":{"line":64,"column":53},"end":{"line":66,"column":3}},"locations":[{"start":{"line":64,"column":53},"end":{"line":66,"column":3}}]},"16":{"type":"branch","line":66,"loc":{"start":{"line":66,"column":2},"end":{"line":69,"column":1}},"locations":[{"start":{"line":66,"column":2},"end":{"line":69,"column":1}}]},"17":{"type":"branch","line":74,"loc":{"start":{"line":74,"column":7},"end":{"line":76,"column":1}},"locations":[{"start":{"line":74,"column":7},"end":{"line":76,"column":1}}]},"18":{"type":"branch","line":81,"loc":{"start":{"line":81,"column":7},"end":{"line":151,"column":1}},"locations":[{"start":{"line":81,"column":7},"end":{"line":151,"column":1}}]},"19":{"type":"branch","line":86,"loc":{"start":{"line":86,"column":20},"end":{"line":86,"column":56}},"locations":[{"start":{"line":86,"column":20},"end":{"line":86,"column":56}}]},"20":{"type":"branch","line":86,"loc":{"start":{"line":86,"column":52},"end":{"line":86,"column":75}},"locations":[{"start":{"line":86,"column":52},"end":{"line":86,"column":75}}]},"21":{"type":"branch","line":87,"loc":{"start":{"line":87,"column":35},"end":{"line":87,"column":43}},"locations":[{"start":{"line":87,"column":35},"end":{"line":87,"column":43}}]},"22":{"type":"branch","line":94,"loc":{"start":{"line":94,"column":40},"end":{"line":119,"column":9}},"locations":[{"start":{"line":94,"column":40},"end":{"line":119,"column":9}}]},"23":{"type":"branch","line":112,"loc":{"start":{"line":112,"column":22},"end":{"line":112,"column":37}},"locations":[{"start":{"line":112,"column":22},"end":{"line":112,"column":37}}]},"24":{"type":"branch","line":112,"loc":{"start":{"line":112,"column":40},"end":{"line":118,"column":5}},"locations":[{"start":{"line":112,"column":40},"end":{"line":118,"column":5}}]},"25":{"type":"branch","line":112,"loc":{"start":{"line":112,"column":40},"end":{"line":115,"column":15}},"locations":[{"start":{"line":112,"column":40},"end":{"line":115,"column":15}}]},"26":{"type":"branch","line":115,"loc":{"start":{"line":115,"column":4},"end":{"line":118,"column":5}},"locations":[{"start":{"line":115,"column":4},"end":{"line":118,"column":5}}]},"27":{"type":"branch","line":115,"loc":{"start":{"line":115,"column":27},"end":{"line":115,"column":47}},"locations":[{"start":{"line":115,"column":27},"end":{"line":115,"column":47}}]},"28":{"type":"branch","line":115,"loc":{"start":{"line":115,"column":50},"end":{"line":118,"column":5}},"locations":[{"start":{"line":115,"column":50},"end":{"line":118,"column":5}}]},"29":{"type":"branch","line":119,"loc":{"start":{"line":119,"column":2},"end":{"line":141,"column":3}},"locations":[{"start":{"line":119,"column":2},"end":{"line":141,"column":3}}]},"30":{"type":"branch","line":121,"loc":{"start":{"line":121,"column":36},"end":{"line":121,"column":44}},"locations":[{"start":{"line":121,"column":36},"end":{"line":121,"column":44}}]},"31":{"type":"branch","line":146,"loc":{"start":{"line":146,"column":27},"end":{"line":146,"column":43}},"locations":[{"start":{"line":146,"column":27},"end":{"line":146,"column":43}}]}},"b":{"0":[42],"1":[12],"2":[3],"3":[9],"4":[4],"5":[4],"6":[11],"7":[7],"8":[9],"9":[2],"10":[3],"11":[2],"12":[2],"13":[9],"14":[1],"15":[1],"16":[9],"17":[1],"18":[30],"19":[8],"20":[22],"21":[0],"22":[27],"23":[20],"24":[26],"25":[20],"26":[7],"27":[2],"28":[2],"29":[3],"30":[0],"31":[0]},"fnMap":{"0":{"name":"getMaxSection","decl":{"start":{"line":36,"column":0},"end":{"line":38,"column":1}},"loc":{"start":{"line":36,"column":0},"end":{"line":38,"column":1}},"line":36},"1":{"name":"listMaxAccountIds","decl":{"start":{"line":43,"column":7},"end":{"line":69,"column":1}},"loc":{"start":{"line":43,"column":7},"end":{"line":69,"column":1}},"line":43},"2":{"name":"resolveDefaultMaxAccountId","decl":{"start":{"line":74,"column":7},"end":{"line":76,"column":1}},"loc":{"start":{"line":74,"column":7},"end":{"line":76,"column":1}},"line":74},"3":{"name":"resolveMaxAccount","decl":{"start":{"line":81,"column":7},"end":{"line":151,"column":1}},"loc":{"start":{"line":81,"column":7},"end":{"line":151,"column":1}},"line":81}},"f":{"0":42,"1":12,"2":1,"3":30}}
,"/home/robot/.openclaw/workspace/projects/openclaw-max/src/actions.ts": {"path":"/home/robot/.openclaw/workspace/projects/openclaw-max/src/actions.ts","all":false,"statementMap":{"9":{"start":{"line":10,"column":0},"end":{"line":10,"column":8}},"14":{"start":{"line":15,"column":0},"end":{"line":15,"column":69}},"15":{"start":{"line":16,"column":0},"end":{"line":16,"column":98}},"16":{"start":{"line":17,"column":0},"end":{"line":17,"column":45}},"18":{"start":{"line":19,"column":0},"end":{"line":19,"column":25}},"20":{"start":{"line":21,"column":0},"end":{"line":21,"column":51}},"21":{"start":{"line":22,"column":0},"end":{"line":22,"column":31}},"22":{"start":{"line":23,"column":0},"end":{"line":23,"column":62}},"23":{"start":{"line":24,"column":0},"end":{"line":24,"column":59}},"24":{"start":{"line":25,"column":0},"end":{"line":25,"column":1}},"26":{"start":{"line":27,"column":0},"end":{"line":27,"column":63}},"27":{"start":{"line":28,"column":0},"end":{"line":28,"column":29}},"28":{"start":{"line":29,"column":0},"end":{"line":29,"column":46}},"29":{"start":{"line":30,"column":0},"end":{"line":30,"column":32}},"30":{"start":{"line":31,"column":0},"end":{"line":31,"column":16}},"31":{"start":{"line":32,"column":0},"end":{"line":32,"column":5}},"32":{"start":{"line":33,"column":0},"end":{"line":33,"column":58}},"33":{"start":{"line":34,"column":0},"end":{"line":34,"column":24}},"34":{"start":{"line":35,"column":0},"end":{"line":35,"column":24}},"35":{"start":{"line":36,"column":0},"end":{"line":36,"column":26}},"36":{"start":{"line":37,"column":0},"end":{"line":37,"column":31}},"37":{"start":{"line":38,"column":0},"end":{"line":38,"column":4}},"39":{"start":{"line":40,"column":0},"end":{"line":40,"column":34}},"40":{"start":{"line":41,"column":0},"end":{"line":41,"column":77}},"41":{"start":{"line":42,"column":0},"end":{"line":42,"column":28}},"42":{"start":{"line":43,"column":0},"end":{"line":43,"column":18}},"43":{"start":{"line":44,"column":0},"end":{"line":44,"column":5}},"44":{"start":{"line":45,"column":0},"end":{"line":45,"column":73}},"45":{"start":{"line":46,"column":0},"end":{"line":46,"column":14}},"46":{"start":{"line":47,"column":0},"end":{"line":47,"column":18}},"47":{"start":{"line":48,"column":0},"end":{"line":48,"column":5}},"48":{"start":{"line":49,"column":0},"end":{"line":49,"column":93}},"49":{"start":{"line":50,"column":0},"end":{"line":50,"column":29}},"50":{"start":{"line":51,"column":0},"end":{"line":51,"column":4}},"52":{"start":{"line":53,"column":0},"end":{"line":53,"column":63}},"53":{"start":{"line":54,"column":0},"end":{"line":54,"column":39}},"54":{"start":{"line":55,"column":0},"end":{"line":55,"column":10}},"55":{"start":{"line":56,"column":0},"end":{"line":56,"column":16}},"56":{"start":{"line":57,"column":0},"end":{"line":57,"column":7}},"57":{"start":{"line":58,"column":0},"end":{"line":58,"column":25}},"58":{"start":{"line":59,"column":0},"end":{"line":59,"column":54}},"59":{"start":{"line":60,"column":0},"end":{"line":60,"column":5}},"61":{"start":{"line":62,"column":0},"end":{"line":62,"column":28}},"62":{"start":{"line":63,"column":0},"end":{"line":63,"column":71}},"63":{"start":{"line":64,"column":0},"end":{"line":64,"column":58}},"64":{"start":{"line":65,"column":0},"end":{"line":65,"column":23}},"65":{"start":{"line":66,"column":0},"end":{"line":66,"column":25}},"66":{"start":{"line":67,"column":0},"end":{"line":67,"column":9}},"67":{"start":{"line":68,"column":0},"end":{"line":68,"column":73}},"68":{"start":{"line":69,"column":0},"end":{"line":69,"column":57}},"70":{"start":{"line":71,"column":0},"end":{"line":71,"column":21}},"72":{"start":{"line":73,"column":0},"end":{"line":73,"column":37}},"75":{"start":{"line":76,"column":0},"end":{"line":76,"column":80}},"76":{"start":{"line":77,"column":0},"end":{"line":77,"column":75}},"77":{"start":{"line":78,"column":0},"end":{"line":78,"column":96}},"80":{"start":{"line":81,"column":0},"end":{"line":81,"column":49}},"81":{"start":{"line":82,"column":0},"end":{"line":82,"column":86}},"82":{"start":{"line":83,"column":0},"end":{"line":83,"column":53}},"84":{"start":{"line":85,"column":0},"end":{"line":85,"column":15}},"85":{"start":{"line":86,"column":0},"end":{"line":86,"column":76}},"86":{"start":{"line":87,"column":0},"end":{"line":87,"column":35}},"87":{"start":{"line":88,"column":0},"end":{"line":88,"column":53}},"88":{"start":{"line":89,"column":0},"end":{"line":89,"column":33}},"89":{"start":{"line":90,"column":0},"end":{"line":90,"column":15}},"90":{"start":{"line":91,"column":0},"end":{"line":91,"column":77}},"91":{"start":{"line":92,"column":0},"end":{"line":92,"column":21}},"93":{"start":{"line":94,"column":0},"end":{"line":94,"column":53}},"94":{"start":{"line":95,"column":0},"end":{"line":95,"column":11}},"95":{"start":{"line":96,"column":0},"end":{"line":96,"column":16}},"97":{"start":{"line":98,"column":0},"end":{"line":98,"column":75}},"98":{"start":{"line":99,"column":0},"end":{"line":99,"column":33}},"99":{"start":{"line":100,"column":0},"end":{"line":100,"column":51}},"100":{"start":{"line":101,"column":0},"end":{"line":101,"column":31}},"101":{"start":{"line":102,"column":0},"end":{"line":102,"column":13}},"102":{"start":{"line":103,"column":0},"end":{"line":103,"column":75}},"103":{"start":{"line":104,"column":0},"end":{"line":104,"column":9}},"104":{"start":{"line":105,"column":0},"end":{"line":105,"column":7}},"106":{"start":{"line":107,"column":0},"end":{"line":107,"column":56}},"107":{"start":{"line":108,"column":0},"end":{"line":108,"column":29}},"108":{"start":{"line":109,"column":0},"end":{"line":109,"column":47}},"109":{"start":{"line":110,"column":0},"end":{"line":110,"column":27}},"110":{"start":{"line":111,"column":0},"end":{"line":111,"column":9}},"111":{"start":{"line":112,"column":0},"end":{"line":112,"column":71}},"112":{"start":{"line":113,"column":0},"end":{"line":113,"column":5}},"114":{"start":{"line":115,"column":0},"end":{"line":115,"column":28}},"115":{"start":{"line":116,"column":0},"end":{"line":116,"column":81}},"116":{"start":{"line":117,"column":0},"end":{"line":117,"column":55}},"117":{"start":{"line":118,"column":0},"end":{"line":118,"column":23}},"118":{"start":{"line":119,"column":0},"end":{"line":119,"column":25}},"119":{"start":{"line":120,"column":0},"end":{"line":120,"column":9}},"120":{"start":{"line":121,"column":0},"end":{"line":121,"column":45}},"121":{"start":{"line":122,"column":0},"end":{"line":122,"column":29}},"122":{"start":{"line":123,"column":0},"end":{"line":123,"column":27}},"123":{"start":{"line":124,"column":0},"end":{"line":124,"column":9}},"124":{"start":{"line":125,"column":0},"end":{"line":125,"column":49}},"125":{"start":{"line":126,"column":0},"end":{"line":126,"column":5}},"127":{"start":{"line":128,"column":0},"end":{"line":128,"column":30}},"128":{"start":{"line":129,"column":0},"end":{"line":129,"column":81}},"129":{"start":{"line":130,"column":0},"end":{"line":130,"column":41}},"130":{"start":{"line":131,"column":0},"end":{"line":131,"column":29}},"131":{"start":{"line":132,"column":0},"end":{"line":132,"column":9}},"132":{"start":{"line":133,"column":0},"end":{"line":133,"column":49}},"133":{"start":{"line":134,"column":0},"end":{"line":134,"column":5}},"135":{"start":{"line":136,"column":0},"end":{"line":136,"column":85}},"136":{"start":{"line":137,"column":0},"end":{"line":137,"column":4}},"137":{"start":{"line":138,"column":0},"end":{"line":138,"column":2}}},"s":{"9":1,"14":1,"15":1,"16":1,"18":1,"20":4,"21":4,"22":4,"23":4,"24":4,"26":1,"27":1,"28":4,"29":4,"30":3,"31":3,"32":1,"33":1,"34":1,"35":1,"36":1,"37":4,"39":1,"40":4,"41":4,"42":1,"43":1,"44":4,"45":4,"46":1,"47":1,"48":4,"49":4,"50":4,"52":1,"53":13,"54":13,"55":13,"56":13,"57":13,"58":1,"59":1,"61":13,"62":6,"63":6,"64":6,"65":6,"66":6,"67":6,"68":6,"70":6,"72":0,"75":0,"76":0,"77":0,"80":0,"81":0,"82":0,"84":0,"85":0,"86":0,"87":0,"88":0,"89":0,"90":0,"91":0,"93":0,"94":0,"95":0,"97":0,"98":0,"99":0,"100":0,"101":0,"102":0,"103":0,"104":0,"106":4,"107":4,"108":6,"109":6,"110":6,"111":4,"112":4,"114":13,"115":3,"116":3,"117":3,"118":3,"119":3,"120":3,"121":3,"122":3,"123":3,"124":1,"125":1,"127":13,"128":2,"129":2,"130":2,"131":2,"132":1,"133":1,"135":1,"136":13,"137":1},"branchMap":{"0":{"type":"branch","line":21,"loc":{"start":{"line":21,"column":0},"end":{"line":25,"column":1}},"locations":[{"start":{"line":21,"column":0},"end":{"line":25,"column":1}}]},"1":{"type":"branch","line":23,"loc":{"start":{"line":23,"column":9},"end":{"line":23,"column":61}},"locations":[{"start":{"line":23,"column":9},"end":{"line":23,"column":61}}]},"2":{"type":"branch","line":24,"loc":{"start":{"line":24,"column":12},"end":{"line":24,"column":57}},"locations":[{"start":{"line":24,"column":12},"end":{"line":24,"column":57}}]},"3":{"type":"branch","line":24,"loc":{"start":{"line":24,"column":33},"end":{"line":24,"column":57}},"locations":[{"start":{"line":24,"column":33},"end":{"line":24,"column":57}}]},"4":{"type":"branch","line":28,"loc":{"start":{"line":28,"column":15},"end":{"line":38,"column":4}},"locations":[{"start":{"line":28,"column":15},"end":{"line":38,"column":4}}]},"5":{"type":"branch","line":30,"loc":{"start":{"line":30,"column":31},"end":{"line":32,"column":5}},"locations":[{"start":{"line":30,"column":31},"end":{"line":32,"column":5}}]},"6":{"type":"branch","line":32,"loc":{"start":{"line":32,"column":4},"end":{"line":37,"column":31}},"locations":[{"start":{"line":32,"column":4},"end":{"line":37,"column":31}}]},"7":{"type":"branch","line":40,"loc":{"start":{"line":40,"column":19},"end":{"line":51,"column":4}},"locations":[{"start":{"line":40,"column":19},"end":{"line":51,"column":4}}]},"8":{"type":"branch","line":41,"loc":{"start":{"line":41,"column":70},"end":{"line":41,"column":77}},"locations":[{"start":{"line":41,"column":70},"end":{"line":41,"column":77}}]},"9":{"type":"branch","line":42,"loc":{"start":{"line":42,"column":27},"end":{"line":44,"column":5}},"locations":[{"start":{"line":42,"column":27},"end":{"line":44,"column":5}}]},"10":{"type":"branch","line":44,"loc":{"start":{"line":44,"column":4},"end":{"line":45,"column":49}},"locations":[{"start":{"line":44,"column":4},"end":{"line":45,"column":49}}]},"11":{"type":"branch","line":45,"loc":{"start":{"line":45,"column":38},"end":{"line":45,"column":63}},"locations":[{"start":{"line":45,"column":38},"end":{"line":45,"column":63}}]},"12":{"type":"branch","line":45,"loc":{"start":{"line":45,"column":54},"end":{"line":45,"column":73}},"locations":[{"start":{"line":45,"column":54},"end":{"line":45,"column":73}}]},"13":{"type":"branch","line":46,"loc":{"start":{"line":46,"column":13},"end":{"line":48,"column":5}},"locations":[{"start":{"line":46,"column":13},"end":{"line":48,"column":5}}]},"14":{"type":"branch","line":48,"loc":{"start":{"line":48,"column":4},"end":{"line":49,"column":59}},"locations":[{"start":{"line":48,"column":4},"end":{"line":49,"column":59}}]},"15":{"type":"branch","line":49,"loc":{"start":{"line":49,"column":48},"end":{"line":49,"column":83}},"locations":[{"start":{"line":49,"column":48},"end":{"line":49,"column":83}}]},"16":{"type":"branch","line":49,"loc":{"start":{"line":49,"column":79},"end":{"line":49,"column":93}},"locations":[{"start":{"line":49,"column":79},"end":{"line":49,"column":93}}]},"17":{"type":"branch","line":53,"loc":{"start":{"line":53,"column":16},"end":{"line":137,"column":4}},"locations":[{"start":{"line":53,"column":16},"end":{"line":137,"column":4}}]},"18":{"type":"branch","line":58,"loc":{"start":{"line":58,"column":24},"end":{"line":60,"column":5}},"locations":[{"start":{"line":58,"column":24},"end":{"line":60,"column":5}}]},"19":{"type":"branch","line":60,"loc":{"start":{"line":60,"column":4},"end":{"line":62,"column":27}},"locations":[{"start":{"line":60,"column":4},"end":{"line":62,"column":27}}]},"20":{"type":"branch","line":62,"loc":{"start":{"line":62,"column":27},"end":{"line":115,"column":27}},"locations":[{"start":{"line":62,"column":27},"end":{"line":115,"column":27}}]},"21":{"type":"branch","line":71,"loc":{"start":{"line":71,"column":20},"end":{"line":105,"column":7}},"locations":[{"start":{"line":71,"column":20},"end":{"line":105,"column":7}}]},"22":{"type":"branch","line":105,"loc":{"start":{"line":105,"column":6},"end":{"line":109,"column":37}},"locations":[{"start":{"line":105,"column":6},"end":{"line":109,"column":37}}]},"23":{"type":"branch","line":109,"loc":{"start":{"line":109,"column":26},"end":{"line":109,"column":47}},"locations":[{"start":{"line":109,"column":26},"end":{"line":109,"column":47}}]},"24":{"type":"branch","line":111,"loc":{"start":{"line":111,"column":7},"end":{"line":113,"column":5}},"locations":[{"start":{"line":111,"column":7},"end":{"line":113,"column":5}}]},"25":{"type":"branch","line":115,"loc":{"start":{"line":115,"column":27},"end":{"line":128,"column":29}},"locations":[{"start":{"line":115,"column":27},"end":{"line":128,"column":29}}]},"26":{"type":"branch","line":124,"loc":{"start":{"line":124,"column":7},"end":{"line":126,"column":5}},"locations":[{"start":{"line":124,"column":7},"end":{"line":126,"column":5}}]},"27":{"type":"branch","line":128,"loc":{"start":{"line":128,"column":29},"end":{"line":134,"column":5}},"locations":[{"start":{"line":128,"column":29},"end":{"line":134,"column":5}}]},"28":{"type":"branch","line":132,"loc":{"start":{"line":132,"column":7},"end":{"line":134,"column":5}},"locations":[{"start":{"line":132,"column":7},"end":{"line":134,"column":5}}]},"29":{"type":"branch","line":134,"loc":{"start":{"line":134,"column":4},"end":{"line":136,"column":85}},"locations":[{"start":{"line":134,"column":4},"end":{"line":136,"column":85}}]}},"b":{"0":[4],"1":[3],"2":[3],"3":[2],"4":[4],"5":[3],"6":[1],"7":[4],"8":[0],"9":[1],"10":[3],"11":[2],"12":[1],"13":[1],"14":[2],"15":[1],"16":[1],"17":[13],"18":[1],"19":[12],"20":[6],"21":[0],"22":[4],"23":[3],"24":[4],"25":[3],"26":[1],"27":[2],"28":[1],"29":[1]},"fnMap":{"0":{"name":"listEnabledAccounts","decl":{"start":{"line":21,"column":0},"end":{"line":25,"column":1}},"loc":{"start":{"line":21,"column":0},"end":{"line":25,"column":1}},"line":21},"1":{"name":"listActions","decl":{"start":{"line":28,"column":15},"end":{"line":38,"column":4}},"loc":{"start":{"line":28,"column":15},"end":{"line":38,"column":4}},"line":28},"2":{"name":"extractToolSend","decl":{"start":{"line":40,"column":19},"end":{"line":51,"column":4}},"loc":{"start":{"line":40,"column":19},"end":{"line":51,"column":4}},"line":40},"3":{"name":"handleAction","decl":{"start":{"line":53,"column":16},"end":{"line":137,"column":4}},"loc":{"start":{"line":53,"column":16},"end":{"line":137,"column":4}},"line":53}},"f":{"0":4,"1":4,"2":4,"3":13}}
,"/home/robot/.openclaw/workspace/projects/openclaw-max/src/api.ts": {"path":"/home/robot/.openclaw/workspace/projects/openclaw-max/src/api.ts","all":false,"statementMap":{"8":{"start":{"line":9,"column":0},"end":{"line":9,"column":47}},"188":{"start":{"line":189,"column":0},"end":{"line":189,"column":40}},"189":{"start":{"line":190,"column":0},"end":{"line":190,"column":14}},"190":{"start":{"line":191,"column":0},"end":{"line":191,"column":20}},"191":{"start":{"line":192,"column":0},"end":{"line":192,"column":26}},"192":{"start":{"line":193,"column":0},"end":{"line":193,"column":26}},"193":{"start":{"line":194,"column":0},"end":{"line":194,"column":5}},"194":{"start":{"line":195,"column":0},"end":{"line":195,"column":19}},"195":{"start":{"line":196,"column":0},"end":{"line":196,"column":30}},"196":{"start":{"line":197,"column":0},"end":{"line":197,"column":3}},"197":{"start":{"line":198,"column":0},"end":{"line":198,"column":1}},"199":{"start":{"line":200,"column":0},"end":{"line":200,"column":21}},"200":{"start":{"line":201,"column":0},"end":{"line":201,"column":24}},"201":{"start":{"line":202,"column":0},"end":{"line":202,"column":26}},"202":{"start":{"line":203,"column":0},"end":{"line":203,"column":28}},"204":{"start":{"line":205,"column":0},"end":{"line":205,"column":36}},"205":{"start":{"line":206,"column":0},"end":{"line":206,"column":28}},"206":{"start":{"line":207,"column":0},"end":{"line":207,"column":44}},"207":{"start":{"line":208,"column":0},"end":{"line":208,"column":46}},"208":{"start":{"line":209,"column":0},"end":{"line":209,"column":3}},"212":{"start":{"line":213,"column":0},"end":{"line":213,"column":27}},"213":{"start":{"line":214,"column":0},"end":{"line":214,"column":19}},"214":{"start":{"line":215,"column":0},"end":{"line":215,"column":17}},"215":{"start":{"line":216,"column":0},"end":{"line":216,"column":74}},"216":{"start":{"line":217,"column":0},"end":{"line":217,"column":19}},"217":{"start":{"line":218,"column":0},"end":{"line":218,"column":23}},"218":{"start":{"line":219,"column":0},"end":{"line":219,"column":17}},"219":{"start":{"line":220,"column":0},"end":{"line":220,"column":44}},"220":{"start":{"line":221,"column":0},"end":{"line":221,"column":17}},"221":{"start":{"line":222,"column":0},"end":{"line":222,"column":52}},"222":{"start":{"line":223,"column":0},"end":{"line":223,"column":58}},"223":{"start":{"line":224,"column":0},"end":{"line":224,"column":7}},"224":{"start":{"line":225,"column":0},"end":{"line":225,"column":5}},"226":{"start":{"line":227,"column":0},"end":{"line":227,"column":45}},"227":{"start":{"line":228,"column":0},"end":{"line":228,"column":31}},"228":{"start":{"line":229,"column":0},"end":{"line":229,"column":31}},"229":{"start":{"line":230,"column":0},"end":{"line":230,"column":34}},"230":{"start":{"line":231,"column":0},"end":{"line":231,"column":6}},"232":{"start":{"line":233,"column":0},"end":{"line":233,"column":9}},"233":{"start":{"line":234,"column":0},"end":{"line":234,"column":47}},"234":{"start":{"line":235,"column":0},"end":{"line":235,"column":15}},"235":{"start":{"line":236,"column":0},"end":{"line":236,"column":18}},"236":{"start":{"line":237,"column":0},"end":{"line":237,"column":36}},"237":{"start":{"line":238,"column":0},"end":{"line":238,"column":66}},"238":{"start":{"line":239,"column":0},"end":{"line":239,"column":10}},"239":{"start":{"line":240,"column":0},"end":{"line":240,"column":54}},"240":{"start":{"line":241,"column":0},"end":{"line":241,"column":34}},"241":{"start":{"line":242,"column":0},"end":{"line":242,"column":9}},"243":{"start":{"line":244,"column":0},"end":{"line":244,"column":61}},"245":{"start":{"line":246,"column":0},"end":{"line":246,"column":20}},"246":{"start":{"line":247,"column":0},"end":{"line":247,"column":30}},"247":{"start":{"line":248,"column":0},"end":{"line":248,"column":54}},"248":{"start":{"line":249,"column":0},"end":{"line":249,"column":21}},"249":{"start":{"line":250,"column":0},"end":{"line":250,"column":15}},"250":{"start":{"line":251,"column":0},"end":{"line":251,"column":10}},"251":{"start":{"line":252,"column":0},"end":{"line":252,"column":7}},"253":{"start":{"line":254,"column":0},"end":{"line":254,"column":18}},"254":{"start":{"line":255,"column":0},"end":{"line":255,"column":15}},"255":{"start":{"line":256,"column":0},"end":{"line":256,"column":28}},"256":{"start":{"line":257,"column":0},"end":{"line":257,"column":5}},"257":{"start":{"line":258,"column":0},"end":{"line":258,"column":3}},"261":{"start":{"line":262,"column":0},"end":{"line":262,"column":35}},"262":{"start":{"line":263,"column":0},"end":{"line":263,"column":47}},"263":{"start":{"line":264,"column":0},"end":{"line":264,"column":3}},"267":{"start":{"line":268,"column":0},"end":{"line":268,"column":20}},"268":{"start":{"line":269,"column":0},"end":{"line":269,"column":28}},"269":{"start":{"line":270,"column":0},"end":{"line":270,"column":83}},"270":{"start":{"line":271,"column":0},"end":{"line":271,"column":29}},"271":{"start":{"line":272,"column":0},"end":{"line":272,"column":109}},"272":{"start":{"line":273,"column":0},"end":{"line":273,"column":3}},"274":{"start":{"line":275,"column":0},"end":{"line":275,"column":20}},"275":{"start":{"line":276,"column":0},"end":{"line":276,"column":22}},"276":{"start":{"line":277,"column":0},"end":{"line":277,"column":28}},"277":{"start":{"line":278,"column":0},"end":{"line":278,"column":31}},"278":{"start":{"line":279,"column":0},"end":{"line":279,"column":94}},"279":{"start":{"line":280,"column":0},"end":{"line":280,"column":3}},"281":{"start":{"line":282,"column":0},"end":{"line":282,"column":68}},"282":{"start":{"line":283,"column":0},"end":{"line":283,"column":91}},"283":{"start":{"line":284,"column":0},"end":{"line":284,"column":3}},"285":{"start":{"line":286,"column":0},"end":{"line":286,"column":46}},"290":{"start":{"line":291,"column":0},"end":{"line":291,"column":43}},"291":{"start":{"line":292,"column":0},"end":{"line":292,"column":68}},"292":{"start":{"line":293,"column":0},"end":{"line":293,"column":75}},"293":{"start":{"line":294,"column":0},"end":{"line":294,"column":44}},"294":{"start":{"line":295,"column":0},"end":{"line":295,"column":38}},"295":{"start":{"line":296,"column":0},"end":{"line":296,"column":47}},"296":{"start":{"line":297,"column":0},"end":{"line":297,"column":48}},"297":{"start":{"line":298,"column":0},"end":{"line":298,"column":3}},"301":{"start":{"line":302,"column":0},"end":{"line":302,"column":118}},"302":{"start":{"line":303,"column":0},"end":{"line":303,"column":84}},"303":{"start":{"line":304,"column":0},"end":{"line":304,"column":3}},"305":{"start":{"line":306,"column":0},"end":{"line":306,"column":51}},"306":{"start":{"line":307,"column":0},"end":{"line":307,"column":51}},"307":{"start":{"line":308,"column":0},"end":{"line":308,"column":3}},"311":{"start":{"line":312,"column":0},"end":{"line":312,"column":133}},"312":{"start":{"line":313,"column":0},"end":{"line":313,"column":79}},"313":{"start":{"line":314,"column":0},"end":{"line":314,"column":3}},"317":{"start":{"line":318,"column":0},"end":{"line":318,"column":29}},"322":{"start":{"line":323,"column":0},"end":{"line":323,"column":35}},"323":{"start":{"line":324,"column":0},"end":{"line":324,"column":51}},"324":{"start":{"line":325,"column":0},"end":{"line":325,"column":47}},"325":{"start":{"line":326,"column":0},"end":{"line":326,"column":61}},"326":{"start":{"line":327,"column":0},"end":{"line":327,"column":58}},"327":{"start":{"line":328,"column":0},"end":{"line":328,"column":65}},"330":{"start":{"line":331,"column":0},"end":{"line":331,"column":61}},"331":{"start":{"line":332,"column":0},"end":{"line":332,"column":71}},"332":{"start":{"line":333,"column":0},"end":{"line":333,"column":3}},"336":{"start":{"line":337,"column":0},"end":{"line":337,"column":63}},"337":{"start":{"line":338,"column":0},"end":{"line":338,"column":49}},"338":{"start":{"line":339,"column":0},"end":{"line":339,"column":3}},"340":{"start":{"line":341,"column":0},"end":{"line":341,"column":27}},"344":{"start":{"line":345,"column":0},"end":{"line":345,"column":32}},"345":{"start":{"line":346,"column":0},"end":{"line":346,"column":69}},"346":{"start":{"line":347,"column":0},"end":{"line":347,"column":3}},"348":{"start":{"line":349,"column":0},"end":{"line":349,"column":72}},"349":{"start":{"line":350,"column":0},"end":{"line":350,"column":78}},"350":{"start":{"line":351,"column":0},"end":{"line":351,"column":3}},"354":{"start":{"line":355,"column":0},"end":{"line":355,"column":76}},"355":{"start":{"line":356,"column":0},"end":{"line":356,"column":73}},"356":{"start":{"line":357,"column":0},"end":{"line":357,"column":3}},"360":{"start":{"line":361,"column":0},"end":{"line":361,"column":97}},"361":{"start":{"line":362,"column":0},"end":{"line":362,"column":54}},"362":{"start":{"line":363,"column":0},"end":{"line":363,"column":3}},"371":{"start":{"line":372,"column":0},"end":{"line":372,"column":20}},"372":{"start":{"line":373,"column":0},"end":{"line":373,"column":47}},"373":{"start":{"line":374,"column":0},"end":{"line":374,"column":39}},"374":{"start":{"line":375,"column":0},"end":{"line":375,"column":25}},"375":{"start":{"line":376,"column":0},"end":{"line":376,"column":31}},"377":{"start":{"line":378,"column":0},"end":{"line":378,"column":61}},"380":{"start":{"line":381,"column":0},"end":{"line":381,"column":27}},"381":{"start":{"line":382,"column":0},"end":{"line":382,"column":31}},"383":{"start":{"line":384,"column":0},"end":{"line":384,"column":35}},"385":{"start":{"line":386,"column":0},"end":{"line":386,"column":45}},"386":{"start":{"line":387,"column":0},"end":{"line":387,"column":43}},"389":{"start":{"line":390,"column":0},"end":{"line":390,"column":22}},"390":{"start":{"line":391,"column":0},"end":{"line":391,"column":57}},"391":{"start":{"line":392,"column":0},"end":{"line":392,"column":49}},"392":{"start":{"line":393,"column":0},"end":{"line":393,"column":28}},"393":{"start":{"line":394,"column":0},"end":{"line":394,"column":29}},"394":{"start":{"line":395,"column":0},"end":{"line":395,"column":27}},"395":{"start":{"line":396,"column":0},"end":{"line":396,"column":27}},"396":{"start":{"line":397,"column":0},"end":{"line":397,"column":29}},"397":{"start":{"line":398,"column":0},"end":{"line":398,"column":27}},"398":{"start":{"line":399,"column":0},"end":{"line":399,"column":33}},"399":{"start":{"line":400,"column":0},"end":{"line":400,"column":33}},"400":{"start":{"line":401,"column":0},"end":{"line":401,"column":28}},"401":{"start":{"line":402,"column":0},"end":{"line":402,"column":27}},"402":{"start":{"line":403,"column":0},"end":{"line":403,"column":27}},"403":{"start":{"line":404,"column":0},"end":{"line":404,"column":33}},"404":{"start":{"line":405,"column":0},"end":{"line":405,"column":28}},"405":{"start":{"line":406,"column":0},"end":{"line":406,"column":10}},"406":{"start":{"line":407,"column":0},"end":{"line":407,"column":67}},"407":{"start":{"line":408,"column":0},"end":{"line":408,"column":7}},"408":{"start":{"line":409,"column":0},"end":{"line":409,"column":12}},"410":{"start":{"line":411,"column":0},"end":{"line":411,"column":37}},"411":{"start":{"line":412,"column":0},"end":{"line":412,"column":56}},"412":{"start":{"line":413,"column":0},"end":{"line":413,"column":5}},"415":{"start":{"line":416,"column":0},"end":{"line":416,"column":46}},"416":{"start":{"line":417,"column":0},"end":{"line":417,"column":21}},"417":{"start":{"line":418,"column":0},"end":{"line":418,"column":16}},"418":{"start":{"line":419,"column":0},"end":{"line":419,"column":33}},"419":{"start":{"line":420,"column":0},"end":{"line":420,"column":8}},"420":{"start":{"line":421,"column":0},"end":{"line":421,"column":23}},"421":{"start":{"line":422,"column":0},"end":{"line":422,"column":7}},"423":{"start":{"line":424,"column":0},"end":{"line":424,"column":24}},"424":{"start":{"line":425,"column":0},"end":{"line":425,"column":28}},"425":{"start":{"line":426,"column":0},"end":{"line":426,"column":55}},"426":{"start":{"line":427,"column":0},"end":{"line":427,"column":25}},"427":{"start":{"line":428,"column":0},"end":{"line":428,"column":49}},"428":{"start":{"line":429,"column":0},"end":{"line":429,"column":8}},"429":{"start":{"line":430,"column":0},"end":{"line":430,"column":5}},"433":{"start":{"line":434,"column":0},"end":{"line":434,"column":98}},"434":{"start":{"line":435,"column":0},"end":{"line":435,"column":44}},"435":{"start":{"line":436,"column":0},"end":{"line":436,"column":3}},"436":{"start":{"line":437,"column":0},"end":{"line":437,"column":1}}},"s":{"8":1,"188":1,"189":1,"190":1,"191":1,"192":1,"193":1,"194":1,"195":1,"196":1,"197":1,"199":1,"200":36,"201":36,"202":36,"204":36,"205":36,"206":36,"207":36,"208":36,"212":36,"213":31,"214":31,"215":31,"216":31,"217":31,"218":31,"219":31,"220":31,"221":22,"222":24,"223":24,"224":22,"226":31,"227":31,"228":31,"229":31,"230":31,"232":31,"233":31,"234":31,"235":31,"236":31,"237":31,"238":31,"239":31,"240":31,"241":31,"243":31,"245":31,"246":1,"247":1,"248":1,"249":1,"250":1,"251":1,"253":29,"254":31,"255":31,"256":31,"257":31,"261":36,"262":3,"263":3,"267":36,"268":12,"269":12,"270":12,"271":12,"272":12,"274":36,"275":3,"276":3,"277":3,"278":3,"279":3,"281":36,"282":3,"283":3,"285":36,"290":0,"291":0,"292":0,"293":0,"294":0,"295":0,"296":0,"297":0,"301":36,"302":1,"303":1,"305":36,"306":1,"307":1,"311":36,"312":0,"313":0,"317":36,"322":1,"323":1,"324":1,"325":1,"326":1,"327":1,"330":1,"331":1,"332":1,"336":36,"337":1,"338":1,"340":36,"344":3,"345":3,"346":3,"348":36,"349":2,"350":2,"354":36,"355":1,"356":1,"360":36,"361":0,"362":0,"371":36,"372":0,"373":0,"374":0,"375":0,"377":0,"380":0,"381":0,"383":0,"385":0,"386":0,"389":0,"390":0,"391":0,"392":0,"393":0,"394":0,"395":0,"396":0,"397":0,"398":0,"399":0,"400":0,"401":0,"402":0,"403":0,"404":0,"405":0,"406":0,"407":0,"408":0,"410":0,"411":0,"412":0,"415":0,"416":0,"417":0,"418":0,"419":0,"420":0,"421":0,"423":0,"424":0,"425":0,"426":0,"427":0,"428":0,"429":0,"433":0,"434":0,"435":0,"436":36},"branchMap":{"0":{"type":"branch","line":190,"loc":{"start":{"line":190,"column":2},"end":{"line":197,"column":3}},"locations":[{"start":{"line":190,"column":2},"end":{"line":197,"column":3}}]},"1":{"type":"branch","line":200,"loc":{"start":{"line":200,"column":20},"end":{"line":437,"column":1}},"locations":[{"start":{"line":200,"column":20},"end":{"line":437,"column":1}}]},"2":{"type":"branch","line":205,"loc":{"start":{"line":205,"column":2},"end":{"line":209,"column":3}},"locations":[{"start":{"line":205,"column":2},"end":{"line":209,"column":3}}]},"3":{"type":"branch","line":207,"loc":{"start":{"line":207,"column":24},"end":{"line":207,"column":44}},"locations":[{"start":{"line":207,"column":24},"end":{"line":207,"column":44}}]},"4":{"type":"branch","line":208,"loc":{"start":{"line":208,"column":26},"end":{"line":208,"column":46}},"locations":[{"start":{"line":208,"column":26},"end":{"line":208,"column":46}}]},"5":{"type":"branch","line":213,"loc":{"start":{"line":213,"column":2},"end":{"line":258,"column":3}},"locations":[{"start":{"line":213,"column":2},"end":{"line":258,"column":3}}]},"6":{"type":"branch","line":221,"loc":{"start":{"line":221,"column":16},"end":{"line":225,"column":5}},"locations":[{"start":{"line":221,"column":16},"end":{"line":225,"column":5}}]},"7":{"type":"branch","line":222,"loc":{"start":{"line":222,"column":51},"end":{"line":224,"column":7}},"locations":[{"start":{"line":222,"column":51},"end":{"line":224,"column":7}}]},"8":{"type":"branch","line":230,"loc":{"start":{"line":230,"column":6},"end":{"line":230,"column":34}},"locations":[{"start":{"line":230,"column":6},"end":{"line":230,"column":34}}]},"9":{"type":"branch","line":238,"loc":{"start":{"line":238,"column":14},"end":{"line":238,"column":62}},"locations":[{"start":{"line":238,"column":14},"end":{"line":238,"column":62}}]},"10":{"type":"branch","line":238,"loc":{"start":{"line":238,"column":58},"end":{"line":238,"column":66}},"locations":[{"start":{"line":238,"column":58},"end":{"line":238,"column":66}}]},"11":{"type":"branch","line":240,"loc":{"start":{"line":240,"column":14},"end":{"line":240,"column":44}},"locations":[{"start":{"line":240,"column":14},"end":{"line":240,"column":44}}]},"12":{"type":"branch","line":240,"loc":{"start":{"line":240,"column":40},"end":{"line":240,"column":54}},"locations":[{"start":{"line":240,"column":40},"end":{"line":240,"column":54}}]},"13":{"type":"branch","line":244,"loc":{"start":{"line":244,"column":53},"end":{"line":246,"column":19}},"locations":[{"start":{"line":244,"column":53},"end":{"line":246,"column":19}}]},"14":{"type":"branch","line":246,"loc":{"start":{"line":246,"column":19},"end":{"line":252,"column":7}},"locations":[{"start":{"line":246,"column":19},"end":{"line":252,"column":7}}]},"15":{"type":"branch","line":252,"loc":{"start":{"line":252,"column":6},"end":{"line":255,"column":6}},"locations":[{"start":{"line":252,"column":6},"end":{"line":255,"column":6}}]},"16":{"type":"branch","line":229,"loc":{"start":{"line":229,"column":6},"end":{"line":229,"column":31}},"locations":[{"start":{"line":229,"column":6},"end":{"line":229,"column":31}}]},"17":{"type":"branch","line":262,"loc":{"start":{"line":262,"column":2},"end":{"line":264,"column":3}},"locations":[{"start":{"line":262,"column":2},"end":{"line":264,"column":3}}]},"18":{"type":"branch","line":268,"loc":{"start":{"line":268,"column":2},"end":{"line":273,"column":3}},"locations":[{"start":{"line":268,"column":2},"end":{"line":273,"column":3}}]},"19":{"type":"branch","line":275,"loc":{"start":{"line":275,"column":2},"end":{"line":280,"column":3}},"locations":[{"start":{"line":275,"column":2},"end":{"line":280,"column":3}}]},"20":{"type":"branch","line":282,"loc":{"start":{"line":282,"column":2},"end":{"line":284,"column":3}},"locations":[{"start":{"line":282,"column":2},"end":{"line":284,"column":3}}]},"21":{"type":"branch","line":302,"loc":{"start":{"line":302,"column":2},"end":{"line":304,"column":3}},"locations":[{"start":{"line":302,"column":2},"end":{"line":304,"column":3}}]},"22":{"type":"branch","line":306,"loc":{"start":{"line":306,"column":2},"end":{"line":308,"column":3}},"locations":[{"start":{"line":306,"column":2},"end":{"line":308,"column":3}}]},"23":{"type":"branch","line":318,"loc":{"start":{"line":318,"column":2},"end":{"line":333,"column":3}},"locations":[{"start":{"line":318,"column":2},"end":{"line":333,"column":3}}]},"24":{"type":"branch","line":327,"loc":{"start":{"line":327,"column":32},"end":{"line":327,"column":58}},"locations":[{"start":{"line":327,"column":32},"end":{"line":327,"column":58}}]},"25":{"type":"branch","line":328,"loc":{"start":{"line":328,"column":16},"end":{"line":328,"column":31}},"locations":[{"start":{"line":328,"column":16},"end":{"line":328,"column":31}}]},"26":{"type":"branch","line":328,"loc":{"start":{"line":328,"column":31},"end":{"line":328,"column":65}},"locations":[{"start":{"line":328,"column":31},"end":{"line":328,"column":65}}]},"27":{"type":"branch","line":331,"loc":{"start":{"line":331,"column":34},"end":{"line":331,"column":51}},"locations":[{"start":{"line":331,"column":34},"end":{"line":331,"column":51}}]},"28":{"type":"branch","line":337,"loc":{"start":{"line":337,"column":2},"end":{"line":339,"column":3}},"locations":[{"start":{"line":337,"column":2},"end":{"line":339,"column":3}}]},"29":{"type":"branch","line":341,"loc":{"start":{"line":341,"column":2},"end":{"line":347,"column":3}},"locations":[{"start":{"line":341,"column":2},"end":{"line":347,"column":3}}]},"30":{"type":"branch","line":349,"loc":{"start":{"line":349,"column":2},"end":{"line":351,"column":3}},"locations":[{"start":{"line":349,"column":2},"end":{"line":351,"column":3}}]},"31":{"type":"branch","line":355,"loc":{"start":{"line":355,"column":2},"end":{"line":357,"column":3}},"locations":[{"start":{"line":355,"column":2},"end":{"line":357,"column":3}}]}},"b":{"0":[1],"1":[36],"2":[36],"3":[19],"4":[34],"5":[31],"6":[22],"7":[24],"8":[30],"9":[19],"10":[12],"11":[19],"12":[12],"13":[30],"14":[1],"15":[29],"16":[1],"17":[3],"18":[12],"19":[3],"20":[3],"21":[1],"22":[1],"23":[1],"24":[0],"25":[0],"26":[0],"27":[0],"28":[1],"29":[3],"30":[2],"31":[1]},"fnMap":{"0":{"name":"MaxApiError","decl":{"start":{"line":190,"column":2},"end":{"line":197,"column":3}},"loc":{"start":{"line":190,"column":2},"end":{"line":197,"column":3}},"line":190},"1":{"name":"<instance_members_initializer>","decl":{"start":{"line":200,"column":20},"end":{"line":437,"column":1}},"loc":{"start":{"line":200,"column":20},"end":{"line":437,"column":1}},"line":200},"2":{"name":"MaxApi","decl":{"start":{"line":205,"column":2},"end":{"line":209,"column":3}},"loc":{"start":{"line":205,"column":2},"end":{"line":209,"column":3}},"line":205},"3":{"name":"request","decl":{"start":{"line":213,"column":2},"end":{"line":258,"column":3}},"loc":{"start":{"line":213,"column":2},"end":{"line":258,"column":3}},"line":213},"4":{"name":"getMe","decl":{"start":{"line":262,"column":2},"end":{"line":264,"column":3}},"loc":{"start":{"line":262,"column":2},"end":{"line":264,"column":3}},"line":262},"5":{"name":"sendMessage","decl":{"start":{"line":268,"column":2},"end":{"line":273,"column":3}},"loc":{"start":{"line":268,"column":2},"end":{"line":273,"column":3}},"line":268},"6":{"name":"editMessage","decl":{"start":{"line":275,"column":2},"end":{"line":280,"column":3}},"loc":{"start":{"line":275,"column":2},"end":{"line":280,"column":3}},"line":275},"7":{"name":"deleteMessage","decl":{"start":{"line":282,"column":2},"end":{"line":284,"column":3}},"loc":{"start":{"line":282,"column":2},"end":{"line":284,"column":3}},"line":282},"8":{"name":"getMessages","decl":{"start":{"line":286,"column":2},"end":{"line":298,"column":3}},"loc":{"start":{"line":286,"column":2},"end":{"line":298,"column":3}},"line":286},"9":{"name":"getChats","decl":{"start":{"line":302,"column":2},"end":{"line":304,"column":3}},"loc":{"start":{"line":302,"column":2},"end":{"line":304,"column":3}},"line":302},"10":{"name":"getChat","decl":{"start":{"line":306,"column":2},"end":{"line":308,"column":3}},"loc":{"start":{"line":306,"column":2},"end":{"line":308,"column":3}},"line":306},"11":{"name":"answerCallback","decl":{"start":{"line":312,"column":2},"end":{"line":314,"column":3}},"loc":{"start":{"line":312,"column":2},"end":{"line":314,"column":3}},"line":312},"12":{"name":"getUpdates","decl":{"start":{"line":318,"column":2},"end":{"line":333,"column":3}},"loc":{"start":{"line":318,"column":2},"end":{"line":333,"column":3}},"line":318},"13":{"name":"getSubscriptions","decl":{"start":{"line":337,"column":2},"end":{"line":339,"column":3}},"loc":{"start":{"line":337,"column":2},"end":{"line":339,"column":3}},"line":337},"14":{"name":"subscribe","decl":{"start":{"line":341,"column":2},"end":{"line":347,"column":3}},"loc":{"start":{"line":341,"column":2},"end":{"line":347,"column":3}},"line":341},"15":{"name":"unsubscribe","decl":{"start":{"line":349,"column":2},"end":{"line":351,"column":3}},"loc":{"start":{"line":349,"column":2},"end":{"line":351,"column":3}},"line":349},"16":{"name":"setMyCommands","decl":{"start":{"line":355,"column":2},"end":{"line":357,"column":3}},"loc":{"start":{"line":355,"column":2},"end":{"line":357,"column":3}},"line":355},"17":{"name":"getUploadUrl","decl":{"start":{"line":361,"column":2},"end":{"line":363,"column":3}},"loc":{"start":{"line":361,"column":2},"end":{"line":363,"column":3}},"line":361},"18":{"name":"uploadMedia","decl":{"start":{"line":372,"column":2},"end":{"line":436,"column":3}},"loc":{"start":{"line":372,"column":2},"end":{"line":436,"column":3}},"line":372}},"f":{"0":1,"1":36,"2":36,"3":31,"4":3,"5":12,"6":3,"7":3,"8":0,"9":1,"10":1,"11":0,"12":1,"13":1,"14":3,"15":2,"16":1,"17":0,"18":0}}
,"/home/robot/.openclaw/workspace/projects/openclaw-max/src/channel.ts": {"path":"/home/robot/.openclaw/workspace/projects/openclaw-max/src/channel.ts","all":true,"statementMap":{"12":{"start":{"line":13,"column":0},"end":{"line":13,"column":8}},"28":{"start":{"line":29,"column":0},"end":{"line":29,"column":8}},"34":{"start":{"line":35,"column":0},"end":{"line":35,"column":48}},"35":{"start":{"line":36,"column":0},"end":{"line":36,"column":64}},"36":{"start":{"line":37,"column":0},"end":{"line":37,"column":47}},"37":{"start":{"line":38,"column":0},"end":{"line":38,"column":45}},"38":{"start":{"line":39,"column":0},"end":{"line":39,"column":55}},"39":{"start":{"line":40,"column":0},"end":{"line":40,"column":53}},"40":{"start":{"line":41,"column":0},"end":{"line":41,"column":49}},"46":{"start":{"line":47,"column":0},"end":{"line":47,"column":105}},"47":{"start":{"line":48,"column":0},"end":{"line":48,"column":107}},"48":{"start":{"line":49,"column":0},"end":{"line":49,"column":79}},"51":{"start":{"line":52,"column":0},"end":{"line":52,"column":50}},"52":{"start":{"line":53,"column":0},"end":{"line":53,"column":54}},"53":{"start":{"line":54,"column":0},"end":{"line":54,"column":96}},"54":{"start":{"line":55,"column":0},"end":{"line":55,"column":82}},"55":{"start":{"line":56,"column":0},"end":{"line":56,"column":3}},"56":{"start":{"line":57,"column":0},"end":{"line":57,"column":16}},"57":{"start":{"line":58,"column":0},"end":{"line":58,"column":70}},"58":{"start":{"line":59,"column":0},"end":{"line":59,"column":3}},"60":{"start":{"line":61,"column":0},"end":{"line":61,"column":39}},"61":{"start":{"line":62,"column":0},"end":{"line":62,"column":44}},"62":{"start":{"line":63,"column":0},"end":{"line":63,"column":67}},"63":{"start":{"line":64,"column":0},"end":{"line":64,"column":16}},"64":{"start":{"line":65,"column":0},"end":{"line":65,"column":77}},"66":{"start":{"line":67,"column":0},"end":{"line":67,"column":40}},"67":{"start":{"line":68,"column":0},"end":{"line":68,"column":1}},"69":{"start":{"line":70,"column":0},"end":{"line":70,"column":48}},"73":{"start":{"line":74,"column":0},"end":{"line":74,"column":13}},"74":{"start":{"line":75,"column":0},"end":{"line":75,"column":109}},"75":{"start":{"line":76,"column":0},"end":{"line":76,"column":23}},"76":{"start":{"line":77,"column":0},"end":{"line":77,"column":52}},"77":{"start":{"line":78,"column":0},"end":{"line":78,"column":34}},"78":{"start":{"line":79,"column":0},"end":{"line":79,"column":58}},"79":{"start":{"line":80,"column":0},"end":{"line":80,"column":38}},"80":{"start":{"line":81,"column":0},"end":{"line":81,"column":20}},"81":{"start":{"line":82,"column":0},"end":{"line":82,"column":63}},"82":{"start":{"line":83,"column":0},"end":{"line":83,"column":42}},"83":{"start":{"line":84,"column":0},"end":{"line":84,"column":1}},"85":{"start":{"line":86,"column":0},"end":{"line":86,"column":44}},"93":{"start":{"line":94,"column":0},"end":{"line":94,"column":39}},"94":{"start":{"line":95,"column":0},"end":{"line":95,"column":109}},"97":{"start":{"line":98,"column":0},"end":{"line":98,"column":50}},"98":{"start":{"line":99,"column":0},"end":{"line":99,"column":99}},"99":{"start":{"line":100,"column":0},"end":{"line":100,"column":30}},"100":{"start":{"line":101,"column":0},"end":{"line":101,"column":34}},"101":{"start":{"line":102,"column":0},"end":{"line":102,"column":42}},"102":{"start":{"line":103,"column":0},"end":{"line":103,"column":34}},"103":{"start":{"line":104,"column":0},"end":{"line":104,"column":5}},"104":{"start":{"line":105,"column":0},"end":{"line":105,"column":50}},"105":{"start":{"line":106,"column":0},"end":{"line":106,"column":76}},"108":{"start":{"line":109,"column":0},"end":{"line":109,"column":52}},"109":{"start":{"line":110,"column":0},"end":{"line":110,"column":101}},"110":{"start":{"line":111,"column":0},"end":{"line":111,"column":30}},"111":{"start":{"line":112,"column":0},"end":{"line":112,"column":34}},"112":{"start":{"line":113,"column":0},"end":{"line":113,"column":42}},"113":{"start":{"line":114,"column":0},"end":{"line":114,"column":34}},"114":{"start":{"line":115,"column":0},"end":{"line":115,"column":5}},"115":{"start":{"line":116,"column":0},"end":{"line":116,"column":54}},"116":{"start":{"line":117,"column":0},"end":{"line":117,"column":80}},"118":{"start":{"line":119,"column":0},"end":{"line":119,"column":19}},"119":{"start":{"line":120,"column":0},"end":{"line":120,"column":1}},"123":{"start":{"line":124,"column":0},"end":{"line":124,"column":30}},"124":{"start":{"line":125,"column":0},"end":{"line":125,"column":12}},"125":{"start":{"line":126,"column":0},"end":{"line":126,"column":15}},"126":{"start":{"line":127,"column":0},"end":{"line":127,"column":34}},"127":{"start":{"line":128,"column":0},"end":{"line":128,"column":28}},"128":{"start":{"line":129,"column":0},"end":{"line":129,"column":94}},"129":{"start":{"line":130,"column":0},"end":{"line":130,"column":12}},"130":{"start":{"line":131,"column":0},"end":{"line":131,"column":29}},"131":{"start":{"line":132,"column":0},"end":{"line":132,"column":2}},"135":{"start":{"line":136,"column":0},"end":{"line":136,"column":61}},"136":{"start":{"line":137,"column":0},"end":{"line":137,"column":12}},"137":{"start":{"line":138,"column":0},"end":{"line":138,"column":16}},"138":{"start":{"line":139,"column":0},"end":{"line":139,"column":35}},"139":{"start":{"line":140,"column":0},"end":{"line":140,"column":58}},"141":{"start":{"line":142,"column":0},"end":{"line":142,"column":17}},"142":{"start":{"line":143,"column":0},"end":{"line":143,"column":46}},"143":{"start":{"line":144,"column":0},"end":{"line":144,"column":21}},"144":{"start":{"line":145,"column":0},"end":{"line":145,"column":19}},"145":{"start":{"line":146,"column":0},"end":{"line":146,"column":16}},"146":{"start":{"line":147,"column":0},"end":{"line":147,"column":25}},"147":{"start":{"line":148,"column":0},"end":{"line":148,"column":25}},"148":{"start":{"line":149,"column":0},"end":{"line":149,"column":15}},"149":{"start":{"line":150,"column":0},"end":{"line":150,"column":17}},"150":{"start":{"line":151,"column":0},"end":{"line":151,"column":4}},"152":{"start":{"line":153,"column":0},"end":{"line":153,"column":47}},"154":{"start":{"line":155,"column":0},"end":{"line":155,"column":11}},"155":{"start":{"line":156,"column":0},"end":{"line":156,"column":52}},"156":{"start":{"line":157,"column":0},"end":{"line":157,"column":78}},"157":{"start":{"line":158,"column":0},"end":{"line":158,"column":47}},"159":{"start":{"line":160,"column":0},"end":{"line":160,"column":55}},"160":{"start":{"line":161,"column":0},"end":{"line":161,"column":40}},"161":{"start":{"line":162,"column":0},"end":{"line":162,"column":12}},"162":{"start":{"line":163,"column":0},"end":{"line":163,"column":26}},"163":{"start":{"line":164,"column":0},"end":{"line":164,"column":18}},"164":{"start":{"line":165,"column":0},"end":{"line":165,"column":16}},"165":{"start":{"line":166,"column":0},"end":{"line":166,"column":28}},"166":{"start":{"line":167,"column":0},"end":{"line":167,"column":9}},"168":{"start":{"line":169,"column":0},"end":{"line":169,"column":42}},"169":{"start":{"line":170,"column":0},"end":{"line":170,"column":38}},"170":{"start":{"line":171,"column":0},"end":{"line":171,"column":12}},"171":{"start":{"line":172,"column":0},"end":{"line":172,"column":26}},"172":{"start":{"line":173,"column":0},"end":{"line":173,"column":18}},"173":{"start":{"line":174,"column":0},"end":{"line":174,"column":59}},"174":{"start":{"line":175,"column":0},"end":{"line":175,"column":9}},"176":{"start":{"line":177,"column":0},"end":{"line":177,"column":62}},"178":{"start":{"line":179,"column":0},"end":{"line":179,"column":36}},"179":{"start":{"line":180,"column":0},"end":{"line":180,"column":35}},"180":{"start":{"line":181,"column":0},"end":{"line":181,"column":25}},"181":{"start":{"line":182,"column":0},"end":{"line":182,"column":31}},"182":{"start":{"line":183,"column":0},"end":{"line":183,"column":49}},"183":{"start":{"line":184,"column":0},"end":{"line":184,"column":39}},"184":{"start":{"line":185,"column":0},"end":{"line":185,"column":7}},"186":{"start":{"line":187,"column":0},"end":{"line":187,"column":45}},"187":{"start":{"line":188,"column":0},"end":{"line":188,"column":81}},"189":{"start":{"line":190,"column":0},"end":{"line":190,"column":39}},"190":{"start":{"line":191,"column":0},"end":{"line":191,"column":15}},"191":{"start":{"line":192,"column":0},"end":{"line":192,"column":45}},"192":{"start":{"line":193,"column":0},"end":{"line":193,"column":24}},"193":{"start":{"line":194,"column":0},"end":{"line":194,"column":53}},"194":{"start":{"line":195,"column":0},"end":{"line":195,"column":4}},"196":{"start":{"line":197,"column":0},"end":{"line":197,"column":13}},"197":{"start":{"line":198,"column":0},"end":{"line":198,"column":55}},"198":{"start":{"line":199,"column":0},"end":{"line":199,"column":85}},"199":{"start":{"line":200,"column":0},"end":{"line":200,"column":111}},"200":{"start":{"line":201,"column":0},"end":{"line":201,"column":37}},"201":{"start":{"line":202,"column":0},"end":{"line":202,"column":79}},"202":{"start":{"line":203,"column":0},"end":{"line":203,"column":8}},"203":{"start":{"line":204,"column":0},"end":{"line":204,"column":37}},"204":{"start":{"line":205,"column":0},"end":{"line":205,"column":55}},"205":{"start":{"line":206,"column":0},"end":{"line":206,"column":26}},"206":{"start":{"line":207,"column":0},"end":{"line":207,"column":14}},"207":{"start":{"line":208,"column":0},"end":{"line":208,"column":53}},"208":{"start":{"line":209,"column":0},"end":{"line":209,"column":50}},"209":{"start":{"line":210,"column":0},"end":{"line":210,"column":42}},"210":{"start":{"line":211,"column":0},"end":{"line":211,"column":32}},"211":{"start":{"line":212,"column":0},"end":{"line":212,"column":53}},"212":{"start":{"line":213,"column":0},"end":{"line":213,"column":67}},"213":{"start":{"line":214,"column":0},"end":{"line":214,"column":8}},"214":{"start":{"line":215,"column":0},"end":{"line":215,"column":6}},"215":{"start":{"line":216,"column":0},"end":{"line":216,"column":44}},"216":{"start":{"line":217,"column":0},"end":{"line":217,"column":69}},"217":{"start":{"line":218,"column":0},"end":{"line":218,"column":90}},"218":{"start":{"line":219,"column":0},"end":{"line":219,"column":35}},"219":{"start":{"line":220,"column":0},"end":{"line":220,"column":18}},"220":{"start":{"line":221,"column":0},"end":{"line":221,"column":7}},"221":{"start":{"line":222,"column":0},"end":{"line":222,"column":38}},"222":{"start":{"line":223,"column":0},"end":{"line":223,"column":79}},"223":{"start":{"line":224,"column":0},"end":{"line":224,"column":37}},"224":{"start":{"line":225,"column":0},"end":{"line":225,"column":16}},"225":{"start":{"line":226,"column":0},"end":{"line":226,"column":201}},"226":{"start":{"line":227,"column":0},"end":{"line":227,"column":10}},"227":{"start":{"line":228,"column":0},"end":{"line":228,"column":7}},"228":{"start":{"line":229,"column":0},"end":{"line":229,"column":14}},"229":{"start":{"line":230,"column":0},"end":{"line":230,"column":229}},"230":{"start":{"line":231,"column":0},"end":{"line":231,"column":8}},"231":{"start":{"line":232,"column":0},"end":{"line":232,"column":6}},"232":{"start":{"line":233,"column":0},"end":{"line":233,"column":4}},"234":{"start":{"line":235,"column":0},"end":{"line":235,"column":11}},"235":{"start":{"line":236,"column":0},"end":{"line":236,"column":59}},"236":{"start":{"line":237,"column":0},"end":{"line":237,"column":65}},"237":{"start":{"line":238,"column":0},"end":{"line":238,"column":105}},"238":{"start":{"line":239,"column":0},"end":{"line":239,"column":111}},"239":{"start":{"line":240,"column":0},"end":{"line":240,"column":4}},"241":{"start":{"line":242,"column":0},"end":{"line":242,"column":12}},"242":{"start":{"line":243,"column":0},"end":{"line":243,"column":25}},"243":{"start":{"line":244,"column":0},"end":{"line":244,"column":64}},"244":{"start":{"line":245,"column":0},"end":{"line":245,"column":44}},"245":{"start":{"line":246,"column":0},"end":{"line":246,"column":49}},"246":{"start":{"line":247,"column":0},"end":{"line":247,"column":74}},"247":{"start":{"line":248,"column":0},"end":{"line":248,"column":83}},"248":{"start":{"line":249,"column":0},"end":{"line":249,"column":6}},"249":{"start":{"line":250,"column":0},"end":{"line":250,"column":4}},"251":{"start":{"line":252,"column":0},"end":{"line":252,"column":14}},"252":{"start":{"line":253,"column":0},"end":{"line":253,"column":38}},"253":{"start":{"line":254,"column":0},"end":{"line":254,"column":4}},"255":{"start":{"line":256,"column":0},"end":{"line":256,"column":14}},"256":{"start":{"line":257,"column":0},"end":{"line":257,"column":31}},"257":{"start":{"line":258,"column":0},"end":{"line":258,"column":33}},"259":{"start":{"line":260,"column":0},"end":{"line":260,"column":50}},"260":{"start":{"line":261,"column":0},"end":{"line":261,"column":23}},"261":{"start":{"line":262,"column":0},"end":{"line":262,"column":6}},"262":{"start":{"line":263,"column":0},"end":{"line":263,"column":21}},"263":{"start":{"line":264,"column":0},"end":{"line":264,"column":55}},"264":{"start":{"line":265,"column":0},"end":{"line":265,"column":30}},"265":{"start":{"line":266,"column":0},"end":{"line":266,"column":6}},"266":{"start":{"line":267,"column":0},"end":{"line":267,"column":4}},"268":{"start":{"line":269,"column":0},"end":{"line":269,"column":14}},"269":{"start":{"line":270,"column":0},"end":{"line":270,"column":41}},"270":{"start":{"line":271,"column":0},"end":{"line":271,"column":60}},"271":{"start":{"line":272,"column":0},"end":{"line":272,"column":38}},"272":{"start":{"line":273,"column":0},"end":{"line":273,"column":11}},"273":{"start":{"line":274,"column":0},"end":{"line":274,"column":74}},"274":{"start":{"line":275,"column":0},"end":{"line":275,"column":37}},"275":{"start":{"line":276,"column":0},"end":{"line":276,"column":16}},"276":{"start":{"line":277,"column":0},"end":{"line":277,"column":32}},"277":{"start":{"line":278,"column":0},"end":{"line":278,"column":33}},"278":{"start":{"line":279,"column":0},"end":{"line":279,"column":43}},"279":{"start":{"line":280,"column":0},"end":{"line":280,"column":43}},"280":{"start":{"line":281,"column":0},"end":{"line":281,"column":10}},"281":{"start":{"line":282,"column":0},"end":{"line":282,"column":15}},"282":{"start":{"line":283,"column":0},"end":{"line":283,"column":20}},"283":{"start":{"line":284,"column":0},"end":{"line":284,"column":7}},"284":{"start":{"line":285,"column":0},"end":{"line":285,"column":6}},"285":{"start":{"line":286,"column":0},"end":{"line":286,"column":46}},"286":{"start":{"line":287,"column":0},"end":{"line":287,"column":60}},"288":{"start":{"line":289,"column":0},"end":{"line":289,"column":55}},"289":{"start":{"line":290,"column":0},"end":{"line":290,"column":54}},"290":{"start":{"line":291,"column":0},"end":{"line":291,"column":30}},"291":{"start":{"line":292,"column":0},"end":{"line":292,"column":23}},"292":{"start":{"line":293,"column":0},"end":{"line":293,"column":24}},"293":{"start":{"line":294,"column":0},"end":{"line":294,"column":10}},"294":{"start":{"line":295,"column":0},"end":{"line":295,"column":6}},"295":{"start":{"line":296,"column":0},"end":{"line":296,"column":47}},"296":{"start":{"line":297,"column":0},"end":{"line":297,"column":60}},"297":{"start":{"line":298,"column":0},"end":{"line":298,"column":36}},"298":{"start":{"line":299,"column":0},"end":{"line":299,"column":11}},"299":{"start":{"line":300,"column":0},"end":{"line":300,"column":74}},"300":{"start":{"line":301,"column":0},"end":{"line":301,"column":58}},"301":{"start":{"line":302,"column":0},"end":{"line":302,"column":35}},"302":{"start":{"line":303,"column":0},"end":{"line":303,"column":76}},"303":{"start":{"line":304,"column":0},"end":{"line":304,"column":26}},"304":{"start":{"line":305,"column":0},"end":{"line":305,"column":92}},"305":{"start":{"line":306,"column":0},"end":{"line":306,"column":20}},"306":{"start":{"line":307,"column":0},"end":{"line":307,"column":19}},"307":{"start":{"line":308,"column":0},"end":{"line":308,"column":39}},"308":{"start":{"line":309,"column":0},"end":{"line":309,"column":44}},"309":{"start":{"line":310,"column":0},"end":{"line":310,"column":14}},"310":{"start":{"line":311,"column":0},"end":{"line":311,"column":13}},"311":{"start":{"line":312,"column":0},"end":{"line":312,"column":15}},"312":{"start":{"line":313,"column":0},"end":{"line":313,"column":18}},"313":{"start":{"line":314,"column":0},"end":{"line":314,"column":7}},"314":{"start":{"line":315,"column":0},"end":{"line":315,"column":6}},"315":{"start":{"line":316,"column":0},"end":{"line":316,"column":4}},"317":{"start":{"line":318,"column":0},"end":{"line":318,"column":13}},"318":{"start":{"line":319,"column":0},"end":{"line":319,"column":27}},"319":{"start":{"line":320,"column":0},"end":{"line":320,"column":90}},"320":{"start":{"line":321,"column":0},"end":{"line":321,"column":28}},"321":{"start":{"line":322,"column":0},"end":{"line":322,"column":25}},"323":{"start":{"line":324,"column":0},"end":{"line":324,"column":61}},"324":{"start":{"line":325,"column":0},"end":{"line":325,"column":60}},"325":{"start":{"line":326,"column":0},"end":{"line":326,"column":60}},"326":{"start":{"line":327,"column":0},"end":{"line":327,"column":74}},"328":{"start":{"line":329,"column":0},"end":{"line":329,"column":53}},"329":{"start":{"line":330,"column":0},"end":{"line":330,"column":29}},"330":{"start":{"line":331,"column":0},"end":{"line":331,"column":49}},"331":{"start":{"line":332,"column":0},"end":{"line":332,"column":27}},"332":{"start":{"line":333,"column":0},"end":{"line":333,"column":9}},"334":{"start":{"line":335,"column":0},"end":{"line":335,"column":14}},"335":{"start":{"line":336,"column":0},"end":{"line":336,"column":23}},"336":{"start":{"line":337,"column":0},"end":{"line":337,"column":36}},"337":{"start":{"line":338,"column":0},"end":{"line":338,"column":8}},"338":{"start":{"line":339,"column":0},"end":{"line":339,"column":6}},"340":{"start":{"line":341,"column":0},"end":{"line":341,"column":72}},"341":{"start":{"line":342,"column":0},"end":{"line":342,"column":60}},"342":{"start":{"line":343,"column":0},"end":{"line":343,"column":60}},"343":{"start":{"line":344,"column":0},"end":{"line":344,"column":74}},"345":{"start":{"line":346,"column":0},"end":{"line":346,"column":22}},"347":{"start":{"line":348,"column":0},"end":{"line":348,"column":55}},"348":{"start":{"line":349,"column":0},"end":{"line":349,"column":31}},"349":{"start":{"line":350,"column":0},"end":{"line":350,"column":51}},"350":{"start":{"line":351,"column":0},"end":{"line":351,"column":29}},"351":{"start":{"line":352,"column":0},"end":{"line":352,"column":11}},"352":{"start":{"line":353,"column":0},"end":{"line":353,"column":16}},"353":{"start":{"line":354,"column":0},"end":{"line":354,"column":25}},"354":{"start":{"line":355,"column":0},"end":{"line":355,"column":38}},"355":{"start":{"line":356,"column":0},"end":{"line":356,"column":10}},"356":{"start":{"line":357,"column":0},"end":{"line":357,"column":7}},"359":{"start":{"line":360,"column":0},"end":{"line":360,"column":68}},"360":{"start":{"line":361,"column":0},"end":{"line":361,"column":29}},"361":{"start":{"line":362,"column":0},"end":{"line":362,"column":49}},"362":{"start":{"line":363,"column":0},"end":{"line":363,"column":27}},"363":{"start":{"line":364,"column":0},"end":{"line":364,"column":9}},"365":{"start":{"line":366,"column":0},"end":{"line":366,"column":14}},"366":{"start":{"line":367,"column":0},"end":{"line":367,"column":23}},"367":{"start":{"line":368,"column":0},"end":{"line":368,"column":36}},"368":{"start":{"line":369,"column":0},"end":{"line":369,"column":8}},"369":{"start":{"line":370,"column":0},"end":{"line":370,"column":6}},"370":{"start":{"line":371,"column":0},"end":{"line":371,"column":4}},"372":{"start":{"line":373,"column":0},"end":{"line":373,"column":10}},"373":{"start":{"line":374,"column":0},"end":{"line":374,"column":71}},"375":{"start":{"line":376,"column":0},"end":{"line":376,"column":51}},"376":{"start":{"line":377,"column":0},"end":{"line":377,"column":40}},"377":{"start":{"line":378,"column":0},"end":{"line":378,"column":12}},"378":{"start":{"line":379,"column":0},"end":{"line":379,"column":26}},"379":{"start":{"line":380,"column":0},"end":{"line":380,"column":18}},"380":{"start":{"line":381,"column":0},"end":{"line":381,"column":13}},"381":{"start":{"line":382,"column":0},"end":{"line":382,"column":9}},"383":{"start":{"line":384,"column":0},"end":{"line":384,"column":46}},"384":{"start":{"line":385,"column":0},"end":{"line":385,"column":61}},"385":{"start":{"line":386,"column":0},"end":{"line":386,"column":73}},"386":{"start":{"line":387,"column":0},"end":{"line":387,"column":7}},"387":{"start":{"line":388,"column":0},"end":{"line":388,"column":62}},"388":{"start":{"line":389,"column":0},"end":{"line":389,"column":89}},"389":{"start":{"line":390,"column":0},"end":{"line":390,"column":7}},"390":{"start":{"line":391,"column":0},"end":{"line":391,"column":18}},"391":{"start":{"line":392,"column":0},"end":{"line":392,"column":6}},"393":{"start":{"line":394,"column":0},"end":{"line":394,"column":56}},"394":{"start":{"line":395,"column":0},"end":{"line":395,"column":60}},"395":{"start":{"line":396,"column":0},"end":{"line":396,"column":12}},"396":{"start":{"line":397,"column":0},"end":{"line":397,"column":26}},"397":{"start":{"line":398,"column":0},"end":{"line":398,"column":18}},"398":{"start":{"line":399,"column":0},"end":{"line":399,"column":25}},"399":{"start":{"line":400,"column":0},"end":{"line":400,"column":9}},"400":{"start":{"line":401,"column":0},"end":{"line":401,"column":18}},"401":{"start":{"line":402,"column":0},"end":{"line":402,"column":40}},"402":{"start":{"line":403,"column":0},"end":{"line":403,"column":45}},"403":{"start":{"line":404,"column":0},"end":{"line":404,"column":31}},"404":{"start":{"line":405,"column":0},"end":{"line":405,"column":32}},"405":{"start":{"line":406,"column":0},"end":{"line":406,"column":14}},"406":{"start":{"line":407,"column":0},"end":{"line":407,"column":24}},"408":{"start":{"line":409,"column":0},"end":{"line":409,"column":45}},"409":{"start":{"line":410,"column":0},"end":{"line":410,"column":16}},"410":{"start":{"line":411,"column":0},"end":{"line":411,"column":18}},"411":{"start":{"line":412,"column":0},"end":{"line":412,"column":21}},"412":{"start":{"line":413,"column":0},"end":{"line":413,"column":29}},"413":{"start":{"line":414,"column":0},"end":{"line":414,"column":18}},"414":{"start":{"line":415,"column":0},"end":{"line":415,"column":92}},"415":{"start":{"line":416,"column":0},"end":{"line":416,"column":28}},"416":{"start":{"line":417,"column":0},"end":{"line":417,"column":30}},"417":{"start":{"line":418,"column":0},"end":{"line":418,"column":20}},"418":{"start":{"line":419,"column":0},"end":{"line":419,"column":29}},"419":{"start":{"line":420,"column":0},"end":{"line":420,"column":45}},"420":{"start":{"line":421,"column":0},"end":{"line":421,"column":24}},"421":{"start":{"line":422,"column":0},"end":{"line":422,"column":14}},"422":{"start":{"line":423,"column":0},"end":{"line":423,"column":12}},"423":{"start":{"line":424,"column":0},"end":{"line":424,"column":10}},"424":{"start":{"line":425,"column":0},"end":{"line":425,"column":7}},"426":{"start":{"line":427,"column":0},"end":{"line":427,"column":106}},"427":{"start":{"line":428,"column":0},"end":{"line":428,"column":14}},"428":{"start":{"line":429,"column":0},"end":{"line":429,"column":16}},"429":{"start":{"line":430,"column":0},"end":{"line":430,"column":19}},"430":{"start":{"line":431,"column":0},"end":{"line":431,"column":27}},"431":{"start":{"line":432,"column":0},"end":{"line":432,"column":16}},"432":{"start":{"line":433,"column":0},"end":{"line":433,"column":26}},"433":{"start":{"line":434,"column":0},"end":{"line":434,"column":26}},"434":{"start":{"line":435,"column":0},"end":{"line":435,"column":23}},"435":{"start":{"line":436,"column":0},"end":{"line":436,"column":66}},"436":{"start":{"line":437,"column":0},"end":{"line":437,"column":28}},"437":{"start":{"line":438,"column":0},"end":{"line":438,"column":110}},"438":{"start":{"line":439,"column":0},"end":{"line":439,"column":30}},"439":{"start":{"line":440,"column":0},"end":{"line":440,"column":66}},"440":{"start":{"line":441,"column":0},"end":{"line":441,"column":16}},"441":{"start":{"line":442,"column":0},"end":{"line":442,"column":14}},"442":{"start":{"line":443,"column":0},"end":{"line":443,"column":12}},"443":{"start":{"line":444,"column":0},"end":{"line":444,"column":10}},"444":{"start":{"line":445,"column":0},"end":{"line":445,"column":8}},"445":{"start":{"line":446,"column":0},"end":{"line":446,"column":6}},"446":{"start":{"line":447,"column":0},"end":{"line":447,"column":4}},"448":{"start":{"line":449,"column":0},"end":{"line":449,"column":11}},"449":{"start":{"line":450,"column":0},"end":{"line":450,"column":21}},"450":{"start":{"line":451,"column":0},"end":{"line":451,"column":36}},"451":{"start":{"line":452,"column":0},"end":{"line":452,"column":21}},"452":{"start":{"line":453,"column":0},"end":{"line":453,"column":24}},"453":{"start":{"line":454,"column":0},"end":{"line":454,"column":23}},"454":{"start":{"line":455,"column":0},"end":{"line":455,"column":22}},"455":{"start":{"line":456,"column":0},"end":{"line":456,"column":6}},"457":{"start":{"line":458,"column":0},"end":{"line":458,"column":45}},"458":{"start":{"line":459,"column":0},"end":{"line":459,"column":47}},"459":{"start":{"line":460,"column":0},"end":{"line":460,"column":50}},"460":{"start":{"line":461,"column":0},"end":{"line":461,"column":41}},"461":{"start":{"line":462,"column":0},"end":{"line":462,"column":48}},"462":{"start":{"line":463,"column":0},"end":{"line":463,"column":46}},"463":{"start":{"line":464,"column":0},"end":{"line":464,"column":44}},"464":{"start":{"line":465,"column":0},"end":{"line":465,"column":28}},"465":{"start":{"line":466,"column":0},"end":{"line":466,"column":7}},"467":{"start":{"line":468,"column":0},"end":{"line":468,"column":53}},"468":{"start":{"line":469,"column":0},"end":{"line":469,"column":66}},"469":{"start":{"line":470,"column":0},"end":{"line":470,"column":66}},"470":{"start":{"line":471,"column":0},"end":{"line":471,"column":11}},"471":{"start":{"line":472,"column":0},"end":{"line":472,"column":37}},"472":{"start":{"line":473,"column":0},"end":{"line":473,"column":37}},"473":{"start":{"line":474,"column":0},"end":{"line":474,"column":21}},"474":{"start":{"line":475,"column":0},"end":{"line":475,"column":49}},"475":{"start":{"line":476,"column":0},"end":{"line":476,"column":7}},"476":{"start":{"line":477,"column":0},"end":{"line":477,"column":6}},"478":{"start":{"line":479,"column":0},"end":{"line":479,"column":61}},"479":{"start":{"line":480,"column":0},"end":{"line":480,"column":35}},"480":{"start":{"line":481,"column":0},"end":{"line":481,"column":25}},"481":{"start":{"line":482,"column":0},"end":{"line":482,"column":31}},"482":{"start":{"line":483,"column":0},"end":{"line":483,"column":49}},"483":{"start":{"line":484,"column":0},"end":{"line":484,"column":39}},"484":{"start":{"line":485,"column":0},"end":{"line":485,"column":41}},"485":{"start":{"line":486,"column":0},"end":{"line":486,"column":48}},"486":{"start":{"line":487,"column":0},"end":{"line":487,"column":46}},"487":{"start":{"line":488,"column":0},"end":{"line":488,"column":44}},"488":{"start":{"line":489,"column":0},"end":{"line":489,"column":12}},"489":{"
[...]
,"/home/robot/.openclaw/workspace/projects/openclaw-max/src/webhook.ts": {"path":"/home/robot/.openclaw/workspace/projects/openclaw-max/src/webhook.ts","all":false,"statementMap":{"6":{"start":{"line":7,"column":0},"end":{"line":7,"column":84}},"21":{"start":{"line":22,"column":0},"end":{"line":22,"column":61}},"23":{"start":{"line":24,"column":0},"end":{"line":24,"column":52}},"24":{"start":{"line":25,"column":0},"end":{"line":25,"column":29}},"25":{"start":{"line":26,"column":0},"end":{"line":26,"column":27}},"26":{"start":{"line":27,"column":0},"end":{"line":27,"column":70}},"27":{"start":{"line":28,"column":0},"end":{"line":28,"column":56}},"28":{"start":{"line":29,"column":0},"end":{"line":29,"column":34}},"29":{"start":{"line":30,"column":0},"end":{"line":30,"column":3}},"30":{"start":{"line":31,"column":0},"end":{"line":31,"column":19}},"31":{"start":{"line":32,"column":0},"end":{"line":32,"column":1}},"33":{"start":{"line":34,"column":0},"end":{"line":34,"column":90}},"34":{"start":{"line":35,"column":0},"end":{"line":35,"column":42}},"35":{"start":{"line":36,"column":0},"end":{"line":36,"column":20}},"36":{"start":{"line":37,"column":0},"end":{"line":37,"column":45}},"37":{"start":{"line":38,"column":0},"end":{"line":38,"column":3}},"38":{"start":{"line":39,"column":0},"end":{"line":39,"column":27}},"39":{"start":{"line":40,"column":0},"end":{"line":40,"column":9}},"40":{"start":{"line":41,"column":0},"end":{"line":41,"column":41}},"41":{"start":{"line":42,"column":0},"end":{"line":42,"column":58}},"42":{"start":{"line":43,"column":0},"end":{"line":43,"column":13}},"43":{"start":{"line":44,"column":0},"end":{"line":44,"column":20}},"44":{"start":{"line":45,"column":0},"end":{"line":45,"column":5}},"45":{"start":{"line":46,"column":0},"end":{"line":46,"column":3}},"46":{"start":{"line":47,"column":0},"end":{"line":47,"column":16}},"47":{"start":{"line":48,"column":0},"end":{"line":48,"column":1}},"49":{"start":{"line":50,"column":0},"end":{"line":50,"column":80}},"50":{"start":{"line":51,"column":0},"end":{"line":51,"column":48}},"51":{"start":{"line":52,"column":0},"end":{"line":52,"column":52}},"52":{"start":{"line":53,"column":0},"end":{"line":53,"column":49}},"53":{"start":{"line":54,"column":0},"end":{"line":54,"column":47}},"54":{"start":{"line":55,"column":0},"end":{"line":55,"column":32}},"56":{"start":{"line":57,"column":0},"end":{"line":57,"column":16}},"57":{"start":{"line":58,"column":0},"end":{"line":58,"column":98}},"58":{"start":{"line":59,"column":0},"end":{"line":59,"column":29}},"59":{"start":{"line":60,"column":0},"end":{"line":60,"column":39}},"60":{"start":{"line":61,"column":0},"end":{"line":61,"column":12}},"61":{"start":{"line":62,"column":0},"end":{"line":62,"column":33}},"62":{"start":{"line":63,"column":0},"end":{"line":63,"column":5}},"63":{"start":{"line":64,"column":0},"end":{"line":64,"column":4}},"64":{"start":{"line":65,"column":0},"end":{"line":65,"column":1}},"66":{"start":{"line":67,"column":0},"end":{"line":67,"column":46}},"67":{"start":{"line":68,"column":0},"end":{"line":68,"column":23}},"68":{"start":{"line":69,"column":0},"end":{"line":69,"column":22}},"69":{"start":{"line":70,"column":0},"end":{"line":70,"column":21}},"70":{"start":{"line":71,"column":0},"end":{"line":71,"column":58}},"71":{"start":{"line":72,"column":0},"end":{"line":72,"column":50}},"72":{"start":{"line":73,"column":0},"end":{"line":73,"column":43}},"74":{"start":{"line":75,"column":0},"end":{"line":75,"column":41}},"75":{"start":{"line":76,"column":0},"end":{"line":76,"column":17}},"76":{"start":{"line":77,"column":0},"end":{"line":77,"column":3}},"78":{"start":{"line":79,"column":0},"end":{"line":79,"column":30}},"79":{"start":{"line":80,"column":0},"end":{"line":80,"column":25}},"80":{"start":{"line":81,"column":0},"end":{"line":81,"column":35}},"81":{"start":{"line":82,"column":0},"end":{"line":82,"column":34}},"82":{"start":{"line":83,"column":0},"end":{"line":83,"column":16}},"83":{"start":{"line":84,"column":0},"end":{"line":84,"column":3}},"86":{"start":{"line":87,"column":0},"end":{"line":87,"column":74}},"88":{"start":{"line":89,"column":0},"end":{"line":89,"column":49}},"89":{"start":{"line":90,"column":0},"end":{"line":90,"column":26}},"90":{"start":{"line":91,"column":0},"end":{"line":91,"column":22}},"91":{"start":{"line":92,"column":0},"end":{"line":92,"column":30}},"92":{"start":{"line":93,"column":0},"end":{"line":93,"column":5}},"94":{"start":{"line":95,"column":0},"end":{"line":95,"column":17}},"95":{"start":{"line":96,"column":0},"end":{"line":96,"column":20}},"96":{"start":{"line":97,"column":0},"end":{"line":97,"column":97}},"97":{"start":{"line":98,"column":0},"end":{"line":98,"column":12}},"98":{"start":{"line":99,"column":0},"end":{"line":99,"column":42}},"99":{"start":{"line":100,"column":0},"end":{"line":100,"column":56}},"100":{"start":{"line":101,"column":0},"end":{"line":101,"column":21}},"101":{"start":{"line":102,"column":0},"end":{"line":102,"column":6}},"102":{"start":{"line":103,"column":0},"end":{"line":103,"column":16}},"103":{"start":{"line":104,"column":0},"end":{"line":104,"column":3}},"105":{"start":{"line":106,"column":0},"end":{"line":106,"column":25}},"106":{"start":{"line":107,"column":0},"end":{"line":107,"column":62}},"107":{"start":{"line":108,"column":0},"end":{"line":108,"column":25}},"108":{"start":{"line":109,"column":0},"end":{"line":109,"column":31}},"109":{"start":{"line":110,"column":0},"end":{"line":110,"column":16}},"110":{"start":{"line":111,"column":0},"end":{"line":111,"column":3}},"112":{"start":{"line":113,"column":0},"end":{"line":113,"column":34}},"115":{"start":{"line":116,"column":0},"end":{"line":116,"column":50}},"116":{"start":{"line":117,"column":0},"end":{"line":117,"column":33}},"117":{"start":{"line":118,"column":0},"end":{"line":118,"column":59}},"118":{"start":{"line":119,"column":0},"end":{"line":119,"column":29}},"119":{"start":{"line":120,"column":0},"end":{"line":120,"column":12}},"120":{"start":{"line":121,"column":0},"end":{"line":121,"column":32}},"121":{"start":{"line":122,"column":0},"end":{"line":122,"column":29}},"122":{"start":{"line":123,"column":0},"end":{"line":123,"column":5}},"123":{"start":{"line":124,"column":0},"end":{"line":124,"column":3}},"125":{"start":{"line":126,"column":0},"end":{"line":126,"column":23}},"126":{"start":{"line":127,"column":0},"end":{"line":127,"column":25}},"127":{"start":{"line":128,"column":0},"end":{"line":128,"column":28}},"128":{"start":{"line":129,"column":0},"end":{"line":129,"column":16}},"129":{"start":{"line":130,"column":0},"end":{"line":130,"column":3}},"132":{"start":{"line":133,"column":0},"end":{"line":133,"column":7}},"133":{"start":{"line":134,"column":0},"end":{"line":134,"column":41}},"134":{"start":{"line":135,"column":0},"end":{"line":135,"column":25}},"135":{"start":{"line":136,"column":0},"end":{"line":136,"column":54}},"136":{"start":{"line":137,"column":0},"end":{"line":137,"column":42}},"137":{"start":{"line":138,"column":0},"end":{"line":138,"column":17}},"138":{"start":{"line":139,"column":0},"end":{"line":139,"column":78}},"139":{"start":{"line":140,"column":0},"end":{"line":140,"column":25}},"140":{"start":{"line":141,"column":0},"end":{"line":141,"column":37}},"141":{"start":{"line":142,"column":0},"end":{"line":142,"column":3}},"143":{"start":{"line":144,"column":0},"end":{"line":144,"column":14}},"144":{"start":{"line":145,"column":0},"end":{"line":145,"column":1}},"149":{"start":{"line":150,"column":0},"end":{"line":150,"column":51}},"154":{"start":{"line":155,"column":0},"end":{"line":155,"column":19}},"155":{"start":{"line":156,"column":0},"end":{"line":156,"column":58}},"157":{"start":{"line":158,"column":0},"end":{"line":158,"column":23}},"158":{"start":{"line":159,"column":0},"end":{"line":159,"column":20}},"159":{"start":{"line":160,"column":0},"end":{"line":160,"column":34}},"160":{"start":{"line":161,"column":0},"end":{"line":161,"column":24}},"161":{"start":{"line":162,"column":0},"end":{"line":162,"column":25}},"162":{"start":{"line":163,"column":0},"end":{"line":163,"column":23}},"163":{"start":{"line":164,"column":0},"end":{"line":164,"column":24}},"164":{"start":{"line":165,"column":0},"end":{"line":165,"column":20}},"165":{"start":{"line":166,"column":0},"end":{"line":166,"column":18}},"166":{"start":{"line":167,"column":0},"end":{"line":167,"column":20}},"167":{"start":{"line":168,"column":0},"end":{"line":168,"column":6}},"168":{"start":{"line":169,"column":0},"end":{"line":169,"column":11}},"169":{"start":{"line":170,"column":0},"end":{"line":170,"column":5}},"170":{"start":{"line":171,"column":0},"end":{"line":171,"column":1}},"175":{"start":{"line":176,"column":0},"end":{"line":176,"column":53}},"178":{"start":{"line":179,"column":0},"end":{"line":179,"column":19}},"179":{"start":{"line":180,"column":0},"end":{"line":180,"column":37}},"180":{"start":{"line":181,"column":0},"end":{"line":181,"column":36}},"181":{"start":{"line":182,"column":0},"end":{"line":182,"column":1}}},"s":{"6":1,"21":1,"23":21,"24":21,"25":21,"26":21,"27":21,"28":1,"29":1,"30":20,"31":20,"33":1,"34":6,"35":6,"36":4,"37":4,"38":6,"39":1,"40":1,"41":1,"42":1,"43":0,"44":0,"45":1,"46":1,"47":1,"49":1,"50":6,"51":6,"52":6,"53":6,"54":6,"56":6,"57":6,"58":6,"59":0,"60":6,"61":6,"62":6,"63":6,"64":6,"66":10,"67":10,"68":10,"69":10,"70":10,"71":10,"72":10,"74":10,"75":2,"76":2,"78":10,"79":1,"80":1,"81":1,"82":1,"83":1,"86":10,"88":10,"89":10,"90":10,"91":10,"92":10,"94":10,"95":0,"96":0,"97":0,"98":0,"99":0,"100":0,"101":0,"102":0,"103":0,"105":7,"106":10,"107":0,"108":0,"109":0,"110":0,"112":7,"115":7,"116":7,"117":7,"118":1,"119":1,"120":7,"121":4,"122":4,"123":7,"125":10,"126":2,"127":2,"128":2,"129":2,"132":5,"133":5,"134":4,"135":4,"136":4,"137":10,"138":1,"139":1,"140":1,"141":1,"143":5,"144":5,"149":2,"154":2,"155":2,"157":2,"158":2,"159":2,"160":1,"161":1,"162":1,"163":1,"164":1,"165":1,"166":1,"167":1,"168":2,"169":2,"170":2,"175":1,"178":1,"179":1,"180":1,"181":1},"branchMap":{"0":{"type":"branch","line":24,"loc":{"start":{"line":24,"column":0},"end":{"line":32,"column":1}},"locations":[{"start":{"line":24,"column":0},"end":{"line":32,"column":1}}]},"1":{"type":"branch","line":26,"loc":{"start":{"line":26,"column":16},"end":{"line":26,"column":27}},"locations":[{"start":{"line":26,"column":16},"end":{"line":26,"column":27}}]},"2":{"type":"branch","line":27,"loc":{"start":{"line":27,"column":42},"end":{"line":27,"column":56}},"locations":[{"start":{"line":27,"column":42},"end":{"line":27,"column":56}}]},"3":{"type":"branch","line":27,"loc":{"start":{"line":27,"column":46},"end":{"line":27,"column":70}},"locations":[{"start":{"line":27,"column":46},"end":{"line":27,"column":70}}]},"4":{"type":"branch","line":28,"loc":{"start":{"line":28,"column":25},"end":{"line":28,"column":55}},"locations":[{"start":{"line":28,"column":25},"end":{"line":28,"column":55}}]},"5":{"type":"branch","line":28,"loc":{"start":{"line":28,"column":55},"end":{"line":30,"column":3}},"locations":[{"start":{"line":28,"column":55},"end":{"line":30,"column":3}}]},"6":{"type":"branch","line":30,"loc":{"start":{"line":30,"column":2},"end":{"line":32,"column":1}},"locations":[{"start":{"line":30,"column":2},"end":{"line":32,"column":1}}]},"7":{"type":"branch","line":34,"loc":{"start":{"line":34,"column":7},"end":{"line":48,"column":1}},"locations":[{"start":{"line":34,"column":7},"end":{"line":48,"column":1}}]},"8":{"type":"branch","line":35,"loc":{"start":{"line":35,"column":22},"end":{"line":35,"column":40}},"locations":[{"start":{"line":35,"column":22},"end":{"line":35,"column":40}}]},"9":{"type":"branch","line":36,"loc":{"start":{"line":36,"column":19},"end":{"line":38,"column":3}},"locations":[{"start":{"line":36,"column":19},"end":{"line":38,"column":3}}]},"10":{"type":"branch","line":38,"loc":{"start":{"line":38,"column":2},"end":{"line":39,"column":18}},"locations":[{"start":{"line":38,"column":2},"end":{"line":39,"column":18}}]},"11":{"type":"branch","line":39,"loc":{"start":{"line":39,"column":6},"end":{"line":39,"column":23}},"locations":[{"start":{"line":39,"column":6},"end":{"line":39,"column":23}}]},"12":{"type":"branch","line":39,"loc":{"start":{"line":39,"column":26},"end":{"line":48,"column":1}},"locations":[{"start":{"line":39,"column":26},"end":{"line":48,"column":1}}]},"13":{"type":"branch","line":42,"loc":{"start":{"line":42,"column":41},"end":{"line":42,"column":56}},"locations":[{"start":{"line":42,"column":41},"end":{"line":42,"column":56}}]},"14":{"type":"branch","line":43,"loc":{"start":{"line":43,"column":4},"end":{"line":45,"column":5}},"locations":[{"start":{"line":43,"column":4},"end":{"line":45,"column":5}}]},"15":{"type":"branch","line":50,"loc":{"start":{"line":50,"column":7},"end":{"line":65,"column":1}},"locations":[{"start":{"line":50,"column":7},"end":{"line":65,"column":1}}]},"16":{"type":"branch","line":57,"loc":{"start":{"line":57,"column":9},"end":{"line":64,"column":4}},"locations":[{"start":{"line":57,"column":9},"end":{"line":64,"column":4}}]},"17":{"type":"branch","line":58,"loc":{"start":{"line":58,"column":43},"end":{"line":58,"column":52}},"locations":[{"start":{"line":58,"column":43},"end":{"line":58,"column":52}}]},"18":{"type":"branch","line":59,"loc":{"start":{"line":59,"column":28},"end":{"line":61,"column":11}},"locations":[{"start":{"line":59,"column":28},"end":{"line":61,"column":11}}]},"19":{"type":"branch","line":58,"loc":{"start":{"line":58,"column":59},"end":{"line":58,"column":96}},"locations":[{"start":{"line":58,"column":59},"end":{"line":58,"column":96}}]},"20":{"type":"branch","line":67,"loc":{"start":{"line":67,"column":0},"end":{"line":145,"column":1}},"locations":[{"start":{"line":67,"column":0},"end":{"line":145,"column":1}}]},"21":{"type":"branch","line":71,"loc":{"start":{"line":71,"column":26},"end":{"line":71,"column":38}},"locations":[{"start":{"line":71,"column":26},"end":{"line":71,"column":38}}]},"22":{"type":"branch","line":75,"loc":{"start":{"line":75,"column":7},"end":{"line":75,"column":40}},"locations":[{"start":{"line":75,"column":7},"end":{"line":75,"column":40}}]},"23":{"type":"branch","line":75,"loc":{"start":{"line":75,"column":40},"end":{"line":77,"column":3}},"locations":[{"start":{"line":75,"column":40},"end":{"line":77,"column":3}}]},"24":{"type":"branch","line":77,"loc":{"start":{"line":77,"column":2},"end":{"line":79,"column":29}},"locations":[{"start":{"line":77,"column":2},"end":{"line":79,"column":29}}]},"25":{"type":"branch","line":79,"loc":{"start":{"line":79,"column":29},"end":{"line":84,"column":3}},"locations":[{"start":{"line":79,"column":29},"end":{"line":84,"column":3}}]},"26":{"type":"branch","line":84,"loc":{"start":{"line":84,"column":2},"end":{"line":87,"column":70}},"locations":[{"start":{"line":84,"column":2},"end":{"line":87,"column":70}}]},"27":{"type":"branch","line":87,"loc":{"start":{"line":87,"column":65},"end":{"line":87,"column":72}},"locations":[{"start":{"line":87,"column":65},"end":{"line":87,"column":72}}]},"28":{"type":"branch","line":93,"loc":{"start":{"line":93,"column":3},"end":{"line":95,"column":16}},"locations":[{"start":{"line":93,"column":3},"end":{"line":95,"column":16}}]},"29":{"type":"branch","line":95,"loc":{"start":{"line":95,"column":16},"end":{"line":104,"column":3}},"locations":[{"start":{"line":95,"column":16},"end":{"line":104,"column":3}}]},"30":{"type":"branch","line":104,"loc":{"start":{"line":104,"column":2},"end":{"line":107,"column":41}},"locations":[{"start":{"line":104,"column":2},"end":{"line":107,"column":41}}]},"31":{"type":"branch","line":107,"loc":{"start":{"line":107,"column":29},"end":{"line":107,"column":61}},"locations":[{"start":{"line":107,"column":29},"end":{"line":107,"column":61}}]},"32":{"type":"branch","line":107,"loc":{"start":{"line":107,"column":61},"end":{"line":111,"column":3}},"locations":[{"start":{"line":107,"column":61},"end":{"line":111,"column":3}}]},"33":{"type":"branch","line":111,"loc":{"start":{"line":111,"column":2},"end":{"line":126,"column":22}},"locations":[{"start":{"line":111,"column":2},"end":{"line":126,"column":22}}]},"34":{"type":"branch","line":118,"loc":{"start":{"line":118,"column":15},"end":{"line":118,"column":58}},"locations":[{"start":{"line":118,"column":15},"end":{"line":118,"column":58}}]},"35":{"type":"branch","line":118,"loc":{"start":{"line":118,"column":58},"end":{"line":121,"column":15}},"locations":[{"start":{"line":118,"column":58},"end":{"line":121,"column":15}}]},"36":{"type":"branch","line":121,"loc":{"start":{"line":121,"column":4},"end":{"line":123,"column":5}},"locations":[{"start":{"line":121,"column":4},"end":{"line":123,"column":5}}]},"37":{"type":"branch","line":121,"loc":{"start":{"line":121,"column":31},"end":{"line":123,"column":5}},"locations":[{"start":{"line":121,"column":31},"end":{"line":123,"column":5}}]},"38":{"type":"branch","line":126,"loc":{"start":{"line":126,"column":22},"end":{"line":130,"column":3}},"locations":[{"start":{"line":126,"column":22},"end":{"line":130,"column":3}}]},"39":{"type":"branch","line":130,"loc":{"start":{"line":130,"column":2},"end":{"line":134,"column":41}},"locations":[{"start":{"line":130,"column":2},"end":{"line":134,"column":41}}]},"40":{"type":"branch","line":134,"loc":{"start":{"line":134,"column":39},"end":{"line":138,"column":11}},"locations":[{"start":{"line":134,"column":39},"end":{"line":138,"column":11}}]},"41":{"type":"branch","line":138,"loc":{"start":{"line":138,"column":2},"end":{"line":142,"column":3}},"locations":[{"start":{"line":138,"column":2},"end":{"line":142,"column":3}}]},"42":{"type":"branch","line":142,"loc":{"start":{"line":142,"column":2},"end":{"line":145,"column":1}},"locations":[{"start":{"line":142,"column":2},"end":{"line":145,"column":1}}]},"43":{"type":"branch","line":150,"loc":{"start":{"line":150,"column":0},"end":{"line":171,"column":1}},"locations":[{"start":{"line":150,"column":0},"end":{"line":171,"column":1}}]},"44":{"type":"branch","line":160,"loc":{"start":{"line":160,"column":18},"end":{"line":168,"column":6}},"locations":[{"start":{"line":160,"column":18},"end":{"line":168,"column":6}}]},"45":{"type":"branch","line":176,"loc":{"start":{"line":176,"column":0},"end":{"line":182,"column":1}},"locations":[{"start":{"line":176,"column":0},"end":{"line":182,"column":1}}]}},"b":{"0":[21],"1":[0],"2":[19],"3":[2],"4":[20],"5":[1],"6":[20],"7":[6],"8":[4],"9":[4],"10":[2],"11":[1],"12":[1],"13":[0],"14":[0],"15":[6],"16":[6],"17":[0],"18":[0],"19":[6],"20":[10],"21":[0],"22":[8],"23":[2],"24":[8],"25":[1],"26":[7],"27":[5],"28":[7],"29":[0],"30":[7],"31":[7],"32":[0],"33":[7],"34":[3],"35":[1],"36":[6],"37":[4],"38":[2],"39":[5],"40":[4],"41":[1],"42":[5],"43":[2],"44":[1],"45":[1]},"fnMap":{"0":{"name":"normalizeWebhookPath","decl":{"start":{"line":24,"column":0},"end":{"line":32,"column":1}},"loc":{"start":{"line":24,"column":0},"end":{"line":32,"column":1}},"line":24},"1":{"name":"resolveMaxWebhookPath","decl":{"start":{"line":34,"column":7},"end":{"line":48,"column":1}},"loc":{"start":{"line":34,"column":7},"end":{"line":48,"column":1}},"line":34},"2":{"name":"registerMaxWebhookTarget","decl":{"start":{"line":50,"column":7},"end":{"line":65,"column":1}},"loc":{"start":{"line":50,"column":7},"end":{"line":65,"column":1}},"line":50},"3":{"name":"handleMaxWebhookRequest","decl":{"start":{"line":67,"column":0},"end":{"line":145,"column":1}},"loc":{"start":{"line":67,"column":0},"end":{"line":145,"column":1}},"line":67},"4":{"name":"subscribeMaxWebhook","decl":{"start":{"line":150,"column":0},"end":{"line":171,"column":1}},"loc":{"start":{"line":150,"column":0},"end":{"line":171,"column":1}},"line":150},"5":{"name":"unsubscribeMaxWebhook","decl":{"start":{"line":176,"column":0},"end":{"line":182,"column":1}},"loc":{"start":{"line":176,"column":0},"end":{"line":182,"column":1}},"line":176}},"f":{"0":21,"1":6,"2":6,"3":10,"4":2,"5":1}}
}
